2018-12-13 00:00:01,750 INFO 4575 [egg-logrotator] app logger reload: got log-reload message
2018-12-13 11:06:00,504 INFO 2208 [egg:logger] init all loggers with options: {"dir":"/Users/abc/Documents/workspace/kaier/adminAPI/logs/example","encoding":"utf8","env":"local","level":"INFO","consoleLevel":"INFO","disableConsoleAfterReady":false,"outputJSON":false,"buffer":true,"appLogName":"example-web.log","coreLogName":"egg-web.log","agentLogName":"egg-agent.log","errorLogName":"common-error.log","coreLogger":{"consoleLevel":"WARN"},"allowDebugAtProd":false,"type":"application"}
2018-12-13 11:06:00,605 INFO 2208 [egg-schedule]: register schedule /Users/abc/Documents/workspace/kaier/adminAPI/node_modules/egg-logrotator/app/schedule/clean_log.js
2018-12-13 11:06:00,605 INFO 2208 [egg-schedule]: register schedule /Users/abc/Documents/workspace/kaier/adminAPI/node_modules/egg-logrotator/app/schedule/rotate_by_file.js
2018-12-13 11:06:00,634 INFO 2208 [egg-mysql] connecting kaier001@106.13.10.101:3306/kaier
2018-12-13 11:06:02,450 INFO 2208 [egg-static] starting static serve /static -> /Users/abc/Documents/workspace/kaier/adminAPI/app/public
2018-12-13 11:06:02,457 INFO 2208 [egg-security] use methodnoallow middleware
2018-12-13 11:06:02,459 INFO 2208 [egg-security] use noopen middleware
2018-12-13 11:06:02,465 INFO 2208 [egg-security] use nosniff middleware
2018-12-13 11:06:02,468 INFO 2208 [egg-security] use xssProtection middleware
2018-12-13 11:06:02,470 INFO 2208 [egg-security] use xframe middleware
2018-12-13 11:06:02,472 INFO 2208 [egg-security] use dta middleware
2018-12-13 11:06:02,472 INFO 2208 [egg-security] compose 6 middlewares into one security middleware
2018-12-13 11:06:02,761 INFO 2208 [egg:core] dump config after load, 17ms
2018-12-13 11:06:02,892 INFO 2208 [egg-watcher:app] watcher start success
2018-12-13 11:06:03,059 INFO 2208 [egg-mysql] instance[0] status OK, rds currentTime: Thu Dec 13 2018 11:06:02 GMT+0800 (CST)
2018-12-13 11:06:03,369 INFO 2208 [egg:core] dump config after ready, 15ms
2018-12-13 11:12:14,860 INFO 2460 [egg:logger] init all loggers with options: {"dir":"/Users/abc/Documents/workspace/kaier/adminAPI/logs/example","encoding":"utf8","env":"local","level":"INFO","consoleLevel":"INFO","disableConsoleAfterReady":false,"outputJSON":false,"buffer":true,"appLogName":"example-web.log","coreLogName":"egg-web.log","agentLogName":"egg-agent.log","errorLogName":"common-error.log","coreLogger":{"consoleLevel":"WARN"},"allowDebugAtProd":false,"type":"application"}
2018-12-13 11:12:14,958 INFO 2460 [egg-schedule]: register schedule /Users/abc/Documents/workspace/kaier/adminAPI/node_modules/egg-logrotator/app/schedule/clean_log.js
2018-12-13 11:12:14,959 INFO 2460 [egg-schedule]: register schedule /Users/abc/Documents/workspace/kaier/adminAPI/node_modules/egg-logrotator/app/schedule/rotate_by_file.js
2018-12-13 11:12:15,003 INFO 2460 [egg-mysql] connecting kaier001@106.13.10.101:3306/kaier
2018-12-13 11:12:17,014 INFO 2460 [egg-static] starting static serve /static -> /Users/abc/Documents/workspace/kaier/adminAPI/app/public
2018-12-13 11:12:17,021 INFO 2460 [egg-security] use methodnoallow middleware
2018-12-13 11:12:17,023 INFO 2460 [egg-security] use noopen middleware
2018-12-13 11:12:17,027 INFO 2460 [egg-security] use nosniff middleware
2018-12-13 11:12:17,029 INFO 2460 [egg-security] use xssProtection middleware
2018-12-13 11:12:17,031 INFO 2460 [egg-security] use xframe middleware
2018-12-13 11:12:17,032 INFO 2460 [egg-security] use dta middleware
2018-12-13 11:12:17,032 INFO 2460 [egg-security] compose 6 middlewares into one security middleware
2018-12-13 11:12:17,245 INFO 2460 [egg:core] dump config after load, 13ms
2018-12-13 11:12:17,336 INFO 2460 [egg-watcher:app] watcher start success
2018-12-13 11:12:17,418 INFO 2460 [egg-mysql] instance[0] status OK, rds currentTime: Thu Dec 13 2018 11:12:17 GMT+0800 (CST)
2018-12-13 11:12:17,822 INFO 2460 [egg:core] dump config after ready, 8ms
2018-12-13 11:15:12,909 INFO 2610 [egg:logger] init all loggers with options: {"dir":"/Users/abc/Documents/workspace/kaier/adminAPI/logs/example","encoding":"utf8","env":"local","level":"INFO","consoleLevel":"INFO","disableConsoleAfterReady":false,"outputJSON":false,"buffer":true,"appLogName":"example-web.log","coreLogName":"egg-web.log","agentLogName":"egg-agent.log","errorLogName":"common-error.log","coreLogger":{"consoleLevel":"WARN"},"allowDebugAtProd":false,"type":"application"}
2018-12-13 11:15:13,003 INFO 2610 [egg-schedule]: register schedule /Users/abc/Documents/workspace/kaier/adminAPI/node_modules/egg-logrotator/app/schedule/clean_log.js
2018-12-13 11:15:13,003 INFO 2610 [egg-schedule]: register schedule /Users/abc/Documents/workspace/kaier/adminAPI/node_modules/egg-logrotator/app/schedule/rotate_by_file.js
2018-12-13 11:15:13,051 INFO 2610 [egg-mysql] connecting kaier001@106.13.10.101:3306/kaier
2018-12-13 11:15:15,174 INFO 2610 [egg-static] starting static serve /static -> /Users/abc/Documents/workspace/kaier/adminAPI/app/public
2018-12-13 11:15:15,179 INFO 2610 [egg-security] use methodnoallow middleware
2018-12-13 11:15:15,182 INFO 2610 [egg-security] use noopen middleware
2018-12-13 11:15:15,184 INFO 2610 [egg-security] use nosniff middleware
2018-12-13 11:15:15,186 INFO 2610 [egg-security] use xssProtection middleware
2018-12-13 11:15:15,189 INFO 2610 [egg-security] use xframe middleware
2018-12-13 11:15:15,191 INFO 2610 [egg-security] use dta middleware
2018-12-13 11:15:15,191 INFO 2610 [egg-security] compose 6 middlewares into one security middleware
2018-12-13 11:15:15,437 INFO 2610 [egg:core] dump config after load, 12ms
2018-12-13 11:15:15,516 INFO 2610 [egg-watcher:app] watcher start success
2018-12-13 11:15:15,632 INFO 2610 [egg-mysql] instance[0] status OK, rds currentTime: Thu Dec 13 2018 11:15:15 GMT+0800 (CST)
2018-12-13 11:15:15,957 INFO 2610 [egg:core] dump config after ready, 10ms
2018-12-13 11:16:02,430 INFO 2631 [egg:logger] init all loggers with options: {"dir":"/Users/abc/Documents/workspace/kaier/adminAPI/logs/example","encoding":"utf8","env":"local","level":"INFO","consoleLevel":"INFO","disableConsoleAfterReady":false,"outputJSON":false,"buffer":true,"appLogName":"example-web.log","coreLogName":"egg-web.log","agentLogName":"egg-agent.log","errorLogName":"common-error.log","coreLogger":{"consoleLevel":"WARN"},"allowDebugAtProd":false,"type":"application"}
2018-12-13 11:16:02,720 INFO 2631 [egg-schedule]: register schedule /Users/abc/Documents/workspace/kaier/adminAPI/node_modules/egg-logrotator/app/schedule/clean_log.js
2018-12-13 11:16:02,721 INFO 2631 [egg-schedule]: register schedule /Users/abc/Documents/workspace/kaier/adminAPI/node_modules/egg-logrotator/app/schedule/rotate_by_file.js
2018-12-13 11:16:02,792 INFO 2631 [egg-mysql] connecting kaier001@106.13.10.101:3306/kaier
2018-12-13 11:16:05,331 INFO 2631 [egg-static] starting static serve /static -> /Users/abc/Documents/workspace/kaier/adminAPI/app/public
2018-12-13 11:16:05,340 INFO 2631 [egg-security] use methodnoallow middleware
2018-12-13 11:16:05,342 INFO 2631 [egg-security] use noopen middleware
2018-12-13 11:16:05,344 INFO 2631 [egg-security] use nosniff middleware
2018-12-13 11:16:05,345 INFO 2631 [egg-security] use xssProtection middleware
2018-12-13 11:16:05,347 INFO 2631 [egg-security] use xframe middleware
2018-12-13 11:16:05,350 INFO 2631 [egg-security] use dta middleware
2018-12-13 11:16:05,350 INFO 2631 [egg-security] compose 6 middlewares into one security middleware
2018-12-13 11:16:05,568 INFO 2631 [egg:core] dump config after load, 7ms
2018-12-13 11:16:05,684 INFO 2631 [egg-watcher:app] watcher start success
2018-12-13 11:16:05,775 INFO 2631 [egg-mysql] instance[0] status OK, rds currentTime: Thu Dec 13 2018 11:16:05 GMT+0800 (CST)
2018-12-13 11:16:06,816 INFO 2631 [egg:core] dump config after ready, 33ms
2018-12-13 11:16:10,434 INFO 2641 [egg:logger] init all loggers with options: {"dir":"/Users/abc/Documents/workspace/kaier/adminAPI/logs/example","encoding":"utf8","env":"local","level":"INFO","consoleLevel":"INFO","disableConsoleAfterReady":false,"outputJSON":false,"buffer":true,"appLogName":"example-web.log","coreLogName":"egg-web.log","agentLogName":"egg-agent.log","errorLogName":"common-error.log","coreLogger":{"consoleLevel":"WARN"},"allowDebugAtProd":false,"type":"application"}
2018-12-13 11:16:10,533 INFO 2641 [egg-schedule]: register schedule /Users/abc/Documents/workspace/kaier/adminAPI/node_modules/egg-logrotator/app/schedule/clean_log.js
2018-12-13 11:16:10,533 INFO 2641 [egg-schedule]: register schedule /Users/abc/Documents/workspace/kaier/adminAPI/node_modules/egg-logrotator/app/schedule/rotate_by_file.js
2018-12-13 11:16:10,604 INFO 2641 [egg-mysql] connecting kaier001@106.13.10.101:3306/kaier
2018-12-13 11:16:13,663 INFO 2641 [egg-static] starting static serve /static -> /Users/abc/Documents/workspace/kaier/adminAPI/app/public
2018-12-13 11:16:13,685 INFO 2641 [egg-security] use methodnoallow middleware
2018-12-13 11:16:13,688 INFO 2641 [egg-security] use noopen middleware
2018-12-13 11:16:13,696 INFO 2641 [egg-security] use nosniff middleware
2018-12-13 11:16:13,700 INFO 2641 [egg-security] use xssProtection middleware
2018-12-13 11:16:13,703 INFO 2641 [egg-security] use xframe middleware
2018-12-13 11:16:13,715 INFO 2641 [egg-security] use dta middleware
2018-12-13 11:16:13,715 INFO 2641 [egg-security] compose 6 middlewares into one security middleware
2018-12-13 11:16:13,990 INFO 2641 [egg:core] dump config after load, 11ms
2018-12-13 11:16:14,097 INFO 2641 [egg-watcher:app] watcher start success
2018-12-13 11:16:14,192 INFO 2641 [egg-mysql] instance[0] status OK, rds currentTime: Thu Dec 13 2018 11:16:13 GMT+0800 (CST)
2018-12-13 11:16:14,562 INFO 2641 [egg:core] dump config after ready, 13ms
2018-12-13 11:16:35,290 INFO 2649 [egg:logger] init all loggers with options: {"dir":"/Users/abc/Documents/workspace/kaier/adminAPI/logs/example","encoding":"utf8","env":"local","level":"INFO","consoleLevel":"INFO","disableConsoleAfterReady":false,"outputJSON":false,"buffer":true,"appLogName":"example-web.log","coreLogName":"egg-web.log","agentLogName":"egg-agent.log","errorLogName":"common-error.log","coreLogger":{"consoleLevel":"WARN"},"allowDebugAtProd":false,"type":"application"}
2018-12-13 11:16:35,384 INFO 2649 [egg-schedule]: register schedule /Users/abc/Documents/workspace/kaier/adminAPI/node_modules/egg-logrotator/app/schedule/clean_log.js
2018-12-13 11:16:35,384 INFO 2649 [egg-schedule]: register schedule /Users/abc/Documents/workspace/kaier/adminAPI/node_modules/egg-logrotator/app/schedule/rotate_by_file.js
2018-12-13 11:16:35,405 INFO 2649 [egg-mysql] connecting kaier001@106.13.10.101:3306/kaier
2018-12-13 11:16:36,476 INFO 2649 [egg-static] starting static serve /static -> /Users/abc/Documents/workspace/kaier/adminAPI/app/public
2018-12-13 11:16:36,480 INFO 2649 [egg-security] use methodnoallow middleware
2018-12-13 11:16:36,482 INFO 2649 [egg-security] use noopen middleware
2018-12-13 11:16:36,484 INFO 2649 [egg-security] use nosniff middleware
2018-12-13 11:16:36,485 INFO 2649 [egg-security] use xssProtection middleware
2018-12-13 11:16:36,486 INFO 2649 [egg-security] use xframe middleware
2018-12-13 11:16:36,487 INFO 2649 [egg-security] use dta middleware
2018-12-13 11:16:36,488 INFO 2649 [egg-security] compose 6 middlewares into one security middleware
2018-12-13 11:16:36,687 INFO 2649 [egg:core] dump config after load, 17ms
2018-12-13 11:16:36,783 INFO 2649 [egg-watcher:app] watcher start success
2018-12-13 11:16:36,873 INFO 2649 [egg-mysql] instance[0] status OK, rds currentTime: Thu Dec 13 2018 11:16:36 GMT+0800 (CST)
2018-12-13 11:16:37,222 INFO 2649 [egg:core] dump config after ready, 21ms
2018-12-13 11:43:13,589 INFO 3126 [egg:logger] init all loggers with options: {"dir":"/Users/abc/Documents/workspace/kaier/adminAPI/logs/example","encoding":"utf8","env":"local","level":"INFO","consoleLevel":"INFO","disableConsoleAfterReady":false,"outputJSON":false,"buffer":true,"appLogName":"example-web.log","coreLogName":"egg-web.log","agentLogName":"egg-agent.log","errorLogName":"common-error.log","coreLogger":{"consoleLevel":"WARN"},"allowDebugAtProd":false,"type":"application"}
2018-12-13 11:43:13,681 INFO 3126 [egg-schedule]: register schedule /Users/abc/Documents/workspace/kaier/adminAPI/node_modules/egg-logrotator/app/schedule/clean_log.js
2018-12-13 11:43:13,681 INFO 3126 [egg-schedule]: register schedule /Users/abc/Documents/workspace/kaier/adminAPI/node_modules/egg-logrotator/app/schedule/rotate_by_file.js
2018-12-13 11:43:13,739 INFO 3126 [egg-mysql] connecting kaier001@106.13.10.101:3306/kaier
2018-12-13 11:43:15,999 INFO 3126 [egg-static] starting static serve /static -> /Users/abc/Documents/workspace/kaier/adminAPI/app/public
2018-12-13 11:43:16,006 INFO 3126 [egg-security] use methodnoallow middleware
2018-12-13 11:43:16,008 INFO 3126 [egg-security] use noopen middleware
2018-12-13 11:43:16,010 INFO 3126 [egg-security] use nosniff middleware
2018-12-13 11:43:16,011 INFO 3126 [egg-security] use xssProtection middleware
2018-12-13 11:43:16,013 INFO 3126 [egg-security] use xframe middleware
2018-12-13 11:43:16,015 INFO 3126 [egg-security] use dta middleware
2018-12-13 11:43:16,015 INFO 3126 [egg-security] compose 6 middlewares into one security middleware
2018-12-13 11:43:16,245 INFO 3126 [egg:core] dump config after load, 12ms
2018-12-13 11:43:16,344 INFO 3126 [egg-watcher:app] watcher start success
2018-12-13 11:43:16,433 INFO 3126 [egg-mysql] instance[0] status OK, rds currentTime: Thu Dec 13 2018 11:43:16 GMT+0800 (CST)
2018-12-13 11:43:16,720 INFO 3126 [egg:core] dump config after ready, 10ms
2018-12-13 11:47:28,021 INFO 3296 [egg:logger] init all loggers with options: {"dir":"/Users/abc/Documents/workspace/kaier/adminAPI/logs/example","encoding":"utf8","env":"local","level":"INFO","consoleLevel":"INFO","disableConsoleAfterReady":false,"outputJSON":false,"buffer":true,"appLogName":"example-web.log","coreLogName":"egg-web.log","agentLogName":"egg-agent.log","errorLogName":"common-error.log","coreLogger":{"consoleLevel":"WARN"},"allowDebugAtProd":false,"type":"application"}
2018-12-13 11:47:28,120 INFO 3296 [egg-schedule]: register schedule /Users/abc/Documents/workspace/kaier/adminAPI/node_modules/egg-logrotator/app/schedule/clean_log.js
2018-12-13 11:47:28,120 INFO 3296 [egg-schedule]: register schedule /Users/abc/Documents/workspace/kaier/adminAPI/node_modules/egg-logrotator/app/schedule/rotate_by_file.js
2018-12-13 11:47:28,171 INFO 3296 [egg-mysql] connecting kaier001@106.13.10.101:3306/kaier
2018-12-13 11:47:31,188 INFO 3296 [egg-static] starting static serve /static -> /Users/abc/Documents/workspace/kaier/adminAPI/app/public
2018-12-13 11:47:31,193 INFO 3296 [egg-security] use methodnoallow middleware
2018-12-13 11:47:31,196 INFO 3296 [egg-security] use noopen middleware
2018-12-13 11:47:31,198 INFO 3296 [egg-security] use nosniff middleware
2018-12-13 11:47:31,201 INFO 3296 [egg-security] use xssProtection middleware
2018-12-13 11:47:31,202 INFO 3296 [egg-security] use xframe middleware
2018-12-13 11:47:31,204 INFO 3296 [egg-security] use dta middleware
2018-12-13 11:47:31,204 INFO 3296 [egg-security] compose 6 middlewares into one security middleware
2018-12-13 11:47:31,792 INFO 3296 [egg:core] dump config after load, 16ms
2018-12-13 11:47:31,841 INFO 3296 [egg-watcher:app] watcher start success
2018-12-13 11:47:31,992 INFO 3296 [egg-mysql] instance[0] status OK, rds currentTime: Thu Dec 13 2018 11:47:31 GMT+0800 (CST)
2018-12-13 11:47:32,281 INFO 3296 [egg:core] dump config after ready, 9ms
2018-12-13 11:47:50,826 INFO 3322 [egg:logger] init all loggers with options: {"dir":"/Users/abc/Documents/workspace/kaier/adminAPI/logs/example","encoding":"utf8","env":"local","level":"INFO","consoleLevel":"INFO","disableConsoleAfterReady":false,"outputJSON":false,"buffer":true,"appLogName":"example-web.log","coreLogName":"egg-web.log","agentLogName":"egg-agent.log","errorLogName":"common-error.log","coreLogger":{"consoleLevel":"WARN"},"allowDebugAtProd":false,"type":"application"}
2018-12-13 11:47:50,910 INFO 3322 [egg-schedule]: register schedule /Users/abc/Documents/workspace/kaier/adminAPI/node_modules/egg-logrotator/app/schedule/clean_log.js
2018-12-13 11:47:50,910 INFO 3322 [egg-schedule]: register schedule /Users/abc/Documents/workspace/kaier/adminAPI/node_modules/egg-logrotator/app/schedule/rotate_by_file.js
2018-12-13 11:47:50,930 INFO 3322 [egg-mysql] connecting kaier001@106.13.10.101:3306/kaier
2018-12-13 11:47:51,974 INFO 3322 [egg-static] starting static serve /static -> /Users/abc/Documents/workspace/kaier/adminAPI/app/public
2018-12-13 11:47:51,976 INFO 3322 [egg-security] use methodnoallow middleware
2018-12-13 11:47:51,977 INFO 3322 [egg-security] use noopen middleware
2018-12-13 11:47:51,978 INFO 3322 [egg-security] use nosniff middleware
2018-12-13 11:47:51,979 INFO 3322 [egg-security] use xssProtection middleware
2018-12-13 11:47:51,981 INFO 3322 [egg-security] use xframe middleware
2018-12-13 11:47:51,981 INFO 3322 [egg-security] use dta middleware
2018-12-13 11:47:51,981 INFO 3322 [egg-security] compose 6 middlewares into one security middleware
2018-12-13 11:47:52,078 INFO 3322 [egg:core] dump config after load, 12ms
2018-12-13 11:47:52,239 INFO 3322 [egg-watcher:app] watcher start success
2018-12-13 11:47:52,320 INFO 3322 [egg-mysql] instance[0] status OK, rds currentTime: Thu Dec 13 2018 11:47:52 GMT+0800 (CST)
2018-12-13 11:47:52,694 INFO 3322 [egg:core] dump config after ready, 18ms
2018-12-13 12:57:58,056 INFO 5082 [egg:logger] init all loggers with options: {"dir":"/Users/abc/Documents/workspace/kaier/adminAPI/logs/example","encoding":"utf8","env":"local","level":"INFO","consoleLevel":"INFO","disableConsoleAfterReady":false,"outputJSON":false,"buffer":true,"appLogName":"example-web.log","coreLogName":"egg-web.log","agentLogName":"egg-agent.log","errorLogName":"common-error.log","coreLogger":{"consoleLevel":"WARN"},"allowDebugAtProd":false,"type":"application"}
2018-12-13 12:57:58,177 INFO 5082 [egg-schedule]: register schedule /Users/abc/Documents/workspace/kaier/adminAPI/node_modules/egg-logrotator/app/schedule/clean_log.js
2018-12-13 12:57:58,177 INFO 5082 [egg-schedule]: register schedule /Users/abc/Documents/workspace/kaier/adminAPI/node_modules/egg-logrotator/app/schedule/rotate_by_file.js
2018-12-13 12:57:58,255 INFO 5082 [egg-mysql] connecting kaier001@106.13.10.101:3306/kaier
2018-12-13 12:58:01,823 INFO 5082 [egg-static] starting static serve /static -> /Users/abc/Documents/workspace/kaier/adminAPI/app/public
2018-12-13 12:58:01,835 INFO 5082 [egg-security] use methodnoallow middleware
2018-12-13 12:58:01,836 INFO 5082 [egg-security] use noopen middleware
2018-12-13 12:58:01,839 INFO 5082 [egg-security] use nosniff middleware
2018-12-13 12:58:01,841 INFO 5082 [egg-security] use xssProtection middleware
2018-12-13 12:58:01,844 INFO 5082 [egg-security] use xframe middleware
2018-12-13 12:58:01,847 INFO 5082 [egg-security] use dta middleware
2018-12-13 12:58:01,847 INFO 5082 [egg-security] compose 6 middlewares into one security middleware
2018-12-13 12:58:02,124 INFO 5082 [egg:core] dump config after load, 25ms
2018-12-13 12:58:02,238 INFO 5082 [egg-watcher:app] watcher start success
2018-12-13 12:58:02,337 INFO 5082 [egg-mysql] instance[0] status OK, rds currentTime: Thu Dec 13 2018 12:58:02 GMT+0800 (CST)
2018-12-13 12:58:02,832 INFO 5082 [egg:core] dump config after ready, 21ms
2018-12-13 13:00:48,144 INFO 5286 [egg:logger] init all loggers with options: {"dir":"/Users/abc/Documents/workspace/kaier/adminAPI/logs/example","encoding":"utf8","env":"local","level":"INFO","consoleLevel":"INFO","disableConsoleAfterReady":false,"outputJSON":false,"buffer":true,"appLogName":"example-web.log","coreLogName":"egg-web.log","agentLogName":"egg-agent.log","errorLogName":"common-error.log","coreLogger":{"consoleLevel":"WARN"},"allowDebugAtProd":false,"type":"application"}
2018-12-13 13:00:48,225 INFO 5286 [egg-schedule]: register schedule /Users/abc/Documents/workspace/kaier/adminAPI/node_modules/egg-logrotator/app/schedule/clean_log.js
2018-12-13 13:00:48,225 INFO 5286 [egg-schedule]: register schedule /Users/abc/Documents/workspace/kaier/adminAPI/node_modules/egg-logrotator/app/schedule/rotate_by_file.js
2018-12-13 13:00:48,275 INFO 5286 [egg-mysql] connecting kaier001@106.13.10.101:3306/kaier
2018-12-13 13:00:51,425 INFO 5286 [egg-static] starting static serve /static -> /Users/abc/Documents/workspace/kaier/adminAPI/app/public
2018-12-13 13:00:51,428 INFO 5286 [egg-security] use csrf middleware
2018-12-13 13:00:51,436 INFO 5286 [egg-security] use methodnoallow middleware
2018-12-13 13:00:51,439 INFO 5286 [egg-security] use noopen middleware
2018-12-13 13:00:51,442 INFO 5286 [egg-security] use nosniff middleware
2018-12-13 13:00:51,443 INFO 5286 [egg-security] use xssProtection middleware
2018-12-13 13:00:51,445 INFO 5286 [egg-security] use xframe middleware
2018-12-13 13:00:51,447 INFO 5286 [egg-security] use dta middleware
2018-12-13 13:00:51,447 INFO 5286 [egg-security] compose 7 middlewares into one security middleware
2018-12-13 13:00:52,190 INFO 5286 [egg:core] dump config after load, 64ms
2018-12-13 13:00:52,653 INFO 5286 [egg-watcher:app] watcher start success
2018-12-13 13:00:52,770 INFO 5286 [egg-mysql] instance[0] status OK, rds currentTime: Thu Dec 13 2018 13:00:52 GMT+0800 (CST)
2018-12-13 13:00:53,058 INFO 5286 [egg:core] dump config after ready, 14ms
2018-12-13 13:01:42,356 INFO 5327 [egg:logger] init all loggers with options: {"dir":"/Users/abc/Documents/workspace/kaier/adminAPI/logs/example","encoding":"utf8","env":"local","level":"INFO","consoleLevel":"INFO","disableConsoleAfterReady":false,"outputJSON":false,"buffer":true,"appLogName":"example-web.log","coreLogName":"egg-web.log","agentLogName":"egg-agent.log","errorLogName":"common-error.log","coreLogger":{"consoleLevel":"WARN"},"allowDebugAtProd":false,"type":"application"}
2018-12-13 13:01:42,619 INFO 5327 [egg-schedule]: register schedule /Users/abc/Documents/workspace/kaier/adminAPI/node_modules/egg-logrotator/app/schedule/clean_log.js
2018-12-13 13:01:42,619 INFO 5327 [egg-schedule]: register schedule /Users/abc/Documents/workspace/kaier/adminAPI/node_modules/egg-logrotator/app/schedule/rotate_by_file.js
2018-12-13 13:01:42,694 INFO 5327 [egg-mysql] connecting kaier001@106.13.10.101:3306/kaier
2018-12-13 13:01:45,985 INFO 5327 [egg-static] starting static serve /static -> /Users/abc/Documents/workspace/kaier/adminAPI/app/public
2018-12-13 13:01:46,005 INFO 5327 [egg-security] use methodnoallow middleware
2018-12-13 13:01:46,019 INFO 5327 [egg-security] use noopen middleware
2018-12-13 13:01:46,049 INFO 5327 [egg-security] use nosniff middleware
2018-12-13 13:01:46,051 INFO 5327 [egg-security] use xssProtection middleware
2018-12-13 13:01:46,054 INFO 5327 [egg-security] use xframe middleware
2018-12-13 13:01:46,057 INFO 5327 [egg-security] use dta middleware
2018-12-13 13:01:46,057 INFO 5327 [egg-security] compose 6 middlewares into one security middleware
2018-12-13 13:01:46,821 INFO 5327 [egg:core] dump config after load, 55ms
2018-12-13 13:01:47,094 INFO 5327 [egg-watcher:app] watcher start success
2018-12-13 13:01:47,198 INFO 5327 [egg-mysql] instance[0] status OK, rds currentTime: Thu Dec 13 2018 13:01:47 GMT+0800 (CST)
2018-12-13 13:01:47,588 INFO 5327 [egg:core] dump config after ready, 35ms
2018-12-13 13:05:28,925 INFO 5567 [egg:logger] init all loggers with options: {"dir":"/Users/abc/Documents/workspace/kaier/adminAPI/logs/example","encoding":"utf8","env":"local","level":"INFO","consoleLevel":"INFO","disableConsoleAfterReady":false,"outputJSON":false,"buffer":true,"appLogName":"example-web.log","coreLogName":"egg-web.log","agentLogName":"egg-agent.log","errorLogName":"common-error.log","coreLogger":{"consoleLevel":"WARN"},"allowDebugAtProd":false,"type":"application"}
2018-12-13 13:05:29,071 INFO 5567 [egg-schedule]: register schedule /Users/abc/Documents/workspace/kaier/adminAPI/node_modules/egg-logrotator/app/schedule/clean_log.js
2018-12-13 13:05:29,071 INFO 5567 [egg-schedule]: register schedule /Users/abc/Documents/workspace/kaier/adminAPI/node_modules/egg-logrotator/app/schedule/rotate_by_file.js
2018-12-13 13:05:29,192 INFO 5567 [egg-mysql] connecting kaier001@106.13.10.101:3306/kaier
2018-12-13 13:05:34,236 INFO 5567 [egg-static] starting static serve /static -> /Users/abc/Documents/workspace/kaier/adminAPI/app/public
2018-12-13 13:05:34,245 INFO 5567 [egg-security] use methodnoallow middleware
2018-12-13 13:05:34,251 INFO 5567 [egg-security] use noopen middleware
2018-12-13 13:05:34,259 INFO 5567 [egg-security] use nosniff middleware
2018-12-13 13:05:34,263 INFO 5567 [egg-security] use xssProtection middleware
2018-12-13 13:05:34,268 INFO 5567 [egg-security] use xframe middleware
2018-12-13 13:05:34,270 INFO 5567 [egg-security] use dta middleware
2018-12-13 13:05:34,270 INFO 5567 [egg-security] compose 6 middlewares into one security middleware
2018-12-13 13:05:34,608 INFO 5567 [egg:core] dump config after load, 32ms
2018-12-13 13:05:34,821 INFO 5567 [egg-watcher:app] watcher start success
2018-12-13 13:05:34,907 INFO 5567 [egg-mysql] instance[0] status OK, rds currentTime: Thu Dec 13 2018 13:05:34 GMT+0800 (CST)
2018-12-13 13:05:35,240 INFO 5567 [egg:core] dump config after ready, 17ms
2018-12-13 13:15:00,302 INFO 6108 [egg:logger] init all loggers with options: {"dir":"/Users/abc/Documents/workspace/kaier/adminAPI/logs/example","encoding":"utf8","env":"local","level":"INFO","consoleLevel":"INFO","disableConsoleAfterReady":false,"outputJSON":false,"buffer":true,"appLogName":"example-web.log","coreLogName":"egg-web.log","agentLogName":"egg-agent.log","errorLogName":"common-error.log","coreLogger":{"consoleLevel":"WARN"},"allowDebugAtProd":false,"type":"application"}
2018-12-13 13:15:00,387 INFO 6108 [egg-schedule]: register schedule /Users/abc/Documents/workspace/kaier/adminAPI/node_modules/egg-logrotator/app/schedule/clean_log.js
2018-12-13 13:15:00,387 INFO 6108 [egg-schedule]: register schedule /Users/abc/Documents/workspace/kaier/adminAPI/node_modules/egg-logrotator/app/schedule/rotate_by_file.js
2018-12-13 13:15:00,401 INFO 6108 [egg-multipart] stream mode enable
2018-12-13 13:15:00,439 INFO 6108 [egg-mysql] connecting kaier001@106.13.10.101:3306/kaier
2018-12-13 13:15:05,015 INFO 6108 [egg-static] starting static serve /static -> /Users/abc/Documents/workspace/kaier/adminAPI/app/public
2018-12-13 13:15:05,042 INFO 6108 [egg-security] use methodnoallow middleware
2018-12-13 13:15:05,044 INFO 6108 [egg-security] use noopen middleware
2018-12-13 13:15:05,047 INFO 6108 [egg-security] use nosniff middleware
2018-12-13 13:15:05,050 INFO 6108 [egg-security] use xssProtection middleware
2018-12-13 13:15:05,051 INFO 6108 [egg-security] use xframe middleware
2018-12-13 13:15:05,054 INFO 6108 [egg-security] use dta middleware
2018-12-13 13:15:05,054 INFO 6108 [egg-security] compose 6 middlewares into one security middleware
2018-12-13 13:15:05,398 INFO 6108 [egg:core] dump config after load, 21ms
2018-12-13 13:15:05,521 INFO 6108 [egg-watcher:app] watcher start success
2018-12-13 13:15:05,583 INFO 6108 [egg-mysql] instance[0] status OK, rds currentTime: Thu Dec 13 2018 13:15:05 GMT+0800 (CST)
2018-12-13 13:15:06,010 INFO 6108 [egg:core] dump config after ready, 15ms
2018-12-13 13:16:38,346 INFO 6164 [egg:logger] init all loggers with options: {"dir":"/Users/abc/Documents/workspace/kaier/adminAPI/logs/example","encoding":"utf8","env":"local","level":"INFO","consoleLevel":"INFO","disableConsoleAfterReady":false,"outputJSON":false,"buffer":true,"appLogName":"example-web.log","coreLogName":"egg-web.log","agentLogName":"egg-agent.log","errorLogName":"common-error.log","coreLogger":{"consoleLevel":"WARN"},"allowDebugAtProd":false,"type":"application"}
2018-12-13 13:16:38,425 INFO 6164 [egg-schedule]: register schedule /Users/abc/Documents/workspace/kaier/adminAPI/node_modules/egg-multipart/app/schedule/clean_tmpdir.js
2018-12-13 13:16:38,425 INFO 6164 [egg-schedule]: register schedule /Users/abc/Documents/workspace/kaier/adminAPI/node_modules/egg-logrotator/app/schedule/clean_log.js
2018-12-13 13:16:38,425 INFO 6164 [egg-schedule]: register schedule /Users/abc/Documents/workspace/kaier/adminAPI/node_modules/egg-logrotator/app/schedule/rotate_by_file.js
2018-12-13 13:16:38,436 INFO 6164 [egg-multipart] file mode enable
2018-12-13 13:16:38,437 INFO 6164 [egg-multipart] will save temporary files to "/var/folders/r5/n06hcbqd7r95ttkzdd3n7bd80000gn/T/egg-multipart-tmp/example", cleanup job cron: "0 30 4 * * *"
2018-12-13 13:16:38,486 INFO 6164 [egg-mysql] connecting kaier001@106.13.10.101:3306/kaier
2018-12-13 13:16:41,843 INFO 6164 [egg-static] starting static serve /static -> /Users/abc/Documents/workspace/kaier/adminAPI/app/public
2018-12-13 13:16:41,847 INFO 6164 [egg-security] use methodnoallow middleware
2018-12-13 13:16:41,851 INFO 6164 [egg-security] use noopen middleware
2018-12-13 13:16:41,854 INFO 6164 [egg-security] use nosniff middleware
2018-12-13 13:16:41,856 INFO 6164 [egg-security] use xssProtection middleware
2018-12-13 13:16:41,858 INFO 6164 [egg-security] use xframe middleware
2018-12-13 13:16:41,860 INFO 6164 [egg-security] use dta middleware
2018-12-13 13:16:41,860 INFO 6164 [egg-security] compose 6 middlewares into one security middleware
2018-12-13 13:16:42,122 INFO 6164 [egg:core] dump config after load, 13ms
2018-12-13 13:16:42,202 INFO 6164 [egg-watcher:app] watcher start success
2018-12-13 13:16:42,275 INFO 6164 [egg-mysql] instance[0] status OK, rds currentTime: Thu Dec 13 2018 13:16:42 GMT+0800 (CST)
2018-12-13 13:16:42,642 INFO 6164 [egg:core] dump config after ready, 11ms
2018-12-13 13:17:13,634 INFO 6287 [egg:logger] init all loggers with options: {"dir":"/Users/abc/Documents/workspace/kaier/adminAPI/logs/example","encoding":"utf8","env":"local","level":"INFO","consoleLevel":"INFO","disableConsoleAfterReady":false,"outputJSON":false,"buffer":true,"appLogName":"example-web.log","coreLogName":"egg-web.log","agentLogName":"egg-agent.log","errorLogName":"common-error.log","coreLogger":{"consoleLevel":"WARN"},"allowDebugAtProd":false,"type":"application"}
2018-12-13 13:17:14,029 INFO 6287 [egg-schedule]: register schedule /Users/abc/Documents/workspace/kaier/adminAPI/node_modules/egg-multipart/app/schedule/clean_tmpdir.js
2018-12-13 13:17:14,029 INFO 6287 [egg-schedule]: register schedule /Users/abc/Documents/workspace/kaier/adminAPI/node_modules/egg-logrotator/app/schedule/clean_log.js
2018-12-13 13:17:14,029 INFO 6287 [egg-schedule]: register schedule /Users/abc/Documents/workspace/kaier/adminAPI/node_modules/egg-logrotator/app/schedule/rotate_by_file.js
2018-12-13 13:17:14,096 INFO 6287 [egg-multipart] file mode enable
2018-12-13 13:17:14,096 INFO 6287 [egg-multipart] will save temporary files to "/var/folders/r5/n06hcbqd7r95ttkzdd3n7bd80000gn/T/egg-multipart-tmp/example", cleanup job cron: "0 30 4 * * *"
2018-12-13 13:17:14,238 INFO 6287 [egg-mysql] connecting kaier001@106.13.10.101:3306/kaier
2018-12-13 13:17:16,850 INFO 6287 [egg-static] starting static serve /static -> /Users/abc/Documents/workspace/kaier/adminAPI/app/public
2018-12-13 13:17:16,855 INFO 6287 [egg-security] use methodnoallow middleware
2018-12-13 13:17:16,857 INFO 6287 [egg-security] use noopen middleware
2018-12-13 13:17:16,861 INFO 6287 [egg-security] use nosniff middleware
2018-12-13 13:17:16,863 INFO 6287 [egg-security] use xssProtection middleware
2018-12-13 13:17:16,867 INFO 6287 [egg-security] use xframe middleware
2018-12-13 13:17:16,869 INFO 6287 [egg-security] use dta middleware
2018-12-13 13:17:16,869 INFO 6287 [egg-security] compose 6 middlewares into one security middleware
2018-12-13 13:17:17,682 INFO 6287 [egg:core] dump config after load, 17ms
2018-12-13 13:17:17,982 INFO 6287 [egg-watcher:app] watcher start success
2018-12-13 13:17:18,075 INFO 6287 [egg-mysql] instance[0] status OK, rds currentTime: Thu Dec 13 2018 13:17:17 GMT+0800 (CST)
2018-12-13 13:17:18,652 INFO 6287 [egg:core] dump config after ready, 53ms
2018-12-13 13:19:03,563 INFO 6344 [egg:logger] init all loggers with options: {"dir":"/Users/abc/Documents/workspace/kaier/adminAPI/logs/example","encoding":"utf8","env":"local","level":"INFO","consoleLevel":"INFO","disableConsoleAfterReady":false,"outputJSON":false,"buffer":true,"appLogName":"example-web.log","coreLogName":"egg-web.log","agentLogName":"egg-agent.log","errorLogName":"common-error.log","coreLogger":{"consoleLevel":"WARN"},"allowDebugAtProd":false,"type":"application"}
2018-12-13 13:19:03,658 INFO 6344 [egg-schedule]: register schedule /Users/abc/Documents/workspace/kaier/adminAPI/node_modules/egg-multipart/app/schedule/clean_tmpdir.js
2018-12-13 13:19:03,658 INFO 6344 [egg-schedule]: register schedule /Users/abc/Documents/workspace/kaier/adminAPI/node_modules/egg-logrotator/app/schedule/clean_log.js
2018-12-13 13:19:03,658 INFO 6344 [egg-schedule]: register schedule /Users/abc/Documents/workspace/kaier/adminAPI/node_modules/egg-logrotator/app/schedule/rotate_by_file.js
2018-12-13 13:19:03,672 INFO 6344 [egg-multipart] file mode enable
2018-12-13 13:19:03,672 INFO 6344 [egg-multipart] will save temporary files to "/var/folders/r5/n06hcbqd7r95ttkzdd3n7bd80000gn/T/egg-multipart-tmp/example", cleanup job cron: "0 30 4 * * *"
2018-12-13 13:19:03,751 INFO 6344 [egg-mysql] connecting kaier001@106.13.10.101:3306/kaier
2018-12-13 13:19:07,040 INFO 6344 [egg-static] starting static serve /static -> /Users/abc/Documents/workspace/kaier/adminAPI/app/public
2018-12-13 13:19:07,058 INFO 6344 [egg-security] use methodnoallow middleware
2018-12-13 13:19:07,060 INFO 6344 [egg-security] use noopen middleware
2018-12-13 13:19:07,062 INFO 6344 [egg-security] use nosniff middleware
2018-12-13 13:19:07,065 INFO 6344 [egg-security] use xssProtection middleware
2018-12-13 13:19:07,069 INFO 6344 [egg-security] use xframe middleware
2018-12-13 13:19:07,072 INFO 6344 [egg-security] use dta middleware
2018-12-13 13:19:07,072 INFO 6344 [egg-security] compose 6 middlewares into one security middleware
2018-12-13 13:19:07,567 INFO 6344 [egg:core] dump config after load, 36ms
2018-12-13 13:19:07,760 INFO 6344 [egg-watcher:app] watcher start success
2018-12-13 13:19:07,861 INFO 6344 [egg-mysql] instance[0] status OK, rds currentTime: Thu Dec 13 2018 13:19:07 GMT+0800 (CST)
2018-12-13 13:19:08,190 INFO 6344 [egg:core] dump config after ready, 10ms
2018-12-13 13:20:12,587 INFO 6403 [egg:logger] init all loggers with options: {"dir":"/Users/abc/Documents/workspace/kaier/adminAPI/logs/example","encoding":"utf8","env":"local","level":"INFO","consoleLevel":"INFO","disableConsoleAfterReady":false,"outputJSON":false,"buffer":true,"appLogName":"example-web.log","coreLogName":"egg-web.log","agentLogName":"egg-agent.log","errorLogName":"common-error.log","coreLogger":{"consoleLevel":"WARN"},"allowDebugAtProd":false,"type":"application"}
2018-12-13 13:20:12,713 INFO 6403 [egg-schedule]: register schedule /Users/abc/Documents/workspace/kaier/adminAPI/node_modules/egg-multipart/app/schedule/clean_tmpdir.js
2018-12-13 13:20:12,713 INFO 6403 [egg-schedule]: register schedule /Users/abc/Documents/workspace/kaier/adminAPI/node_modules/egg-logrotator/app/schedule/clean_log.js
2018-12-13 13:20:12,713 INFO 6403 [egg-schedule]: register schedule /Users/abc/Documents/workspace/kaier/adminAPI/node_modules/egg-logrotator/app/schedule/rotate_by_file.js
2018-12-13 13:20:12,721 INFO 6403 [egg-multipart] file mode enable
2018-12-13 13:20:12,721 INFO 6403 [egg-multipart] will save temporary files to "/var/folders/r5/n06hcbqd7r95ttkzdd3n7bd80000gn/T/egg-multipart-tmp/example", cleanup job cron: "0 30 4 * * *"
2018-12-13 13:20:12,778 INFO 6403 [egg-mysql] connecting kaier001@106.13.10.101:3306/kaier
2018-12-13 13:20:15,372 INFO 6403 [egg-static] starting static serve /static -> /Users/abc/Documents/workspace/kaier/adminAPI/app/public
2018-12-13 13:20:15,380 INFO 6403 [egg-security] use methodnoallow middleware
2018-12-13 13:20:15,383 INFO 6403 [egg-security] use noopen middleware
2018-12-13 13:20:15,388 INFO 6403 [egg-security] use nosniff middleware
2018-12-13 13:20:15,392 INFO 6403 [egg-security] use xssProtection middleware
2018-12-13 13:20:15,394 INFO 6403 [egg-security] use xframe middleware
2018-12-13 13:20:15,395 INFO 6403 [egg-security] use dta middleware
2018-12-13 13:20:15,395 INFO 6403 [egg-security] compose 6 middlewares into one security middleware
2018-12-13 13:20:15,628 INFO 6403 [egg:core] dump config after load, 9ms
2018-12-13 13:20:15,742 INFO 6403 [egg-watcher:app] watcher start success
2018-12-13 13:20:15,842 INFO 6403 [egg-mysql] instance[0] status OK, rds currentTime: Thu Dec 13 2018 13:20:15 GMT+0800 (CST)
2018-12-13 13:20:16,196 INFO 6403 [egg:core] dump config after ready, 14ms
2018-12-13 13:27:41,733 INFO 6905 [egg:logger] init all loggers with options: {"dir":"/Users/abc/Documents/workspace/kaier/adminAPI/logs/example","encoding":"utf8","env":"local","level":"INFO","consoleLevel":"INFO","disableConsoleAfterReady":false,"outputJSON":false,"buffer":true,"appLogName":"example-web.log","coreLogName":"egg-web.log","agentLogName":"egg-agent.log","errorLogName":"common-error.log","coreLogger":{"consoleLevel":"WARN"},"allowDebugAtProd":false,"type":"application"}
2018-12-13 13:27:41,805 INFO 6905 [egg-schedule]: register schedule /Users/abc/Documents/workspace/kaier/adminAPI/node_modules/egg-multipart/app/schedule/clean_tmpdir.js
2018-12-13 13:27:41,805 INFO 6905 [egg-schedule]: register schedule /Users/abc/Documents/workspace/kaier/adminAPI/node_modules/egg-logrotator/app/schedule/clean_log.js
2018-12-13 13:27:41,805 INFO 6905 [egg-schedule]: register schedule /Users/abc/Documents/workspace/kaier/adminAPI/node_modules/egg-logrotator/app/schedule/rotate_by_file.js
2018-12-13 13:27:41,815 INFO 6905 [egg-multipart] file mode enable
2018-12-13 13:27:41,815 INFO 6905 [egg-multipart] will save temporary files to "/var/folders/r5/n06hcbqd7r95ttkzdd3n7bd80000gn/T/egg-multipart-tmp/example", cleanup job cron: "0 30 4 * * *"
2018-12-13 13:27:41,869 INFO 6905 [egg-mysql] connecting kaier001@106.13.10.101:3306/kaier
2018-12-13 13:27:44,612 INFO 6905 [egg-static] starting static serve /static -> /Users/abc/Documents/workspace/kaier/adminAPI/app/public
2018-12-13 13:27:44,621 INFO 6905 [egg-security] use methodnoallow middleware
2018-12-13 13:27:44,625 INFO 6905 [egg-security] use noopen middleware
2018-12-13 13:27:44,626 INFO 6905 [egg-security] use nosniff middleware
2018-12-13 13:27:44,631 INFO 6905 [egg-security] use xssProtection middleware
2018-12-13 13:27:44,632 INFO 6905 [egg-security] use xframe middleware
2018-12-13 13:27:44,634 INFO 6905 [egg-security] use dta middleware
2018-12-13 13:27:44,634 INFO 6905 [egg-security] compose 6 middlewares into one security middleware
2018-12-13 13:27:45,085 INFO 6905 [egg:core] dump config after load, 42ms
2018-12-13 13:27:45,231 INFO 6905 [egg-watcher:app] watcher start success
2018-12-13 13:27:45,311 INFO 6905 [egg-mysql] instance[0] status OK, rds currentTime: Thu Dec 13 2018 13:27:45 GMT+0800 (CST)
2018-12-13 13:27:45,740 INFO 6905 [egg:core] dump config after ready, 22ms
2018-12-13 13:27:48,397 INFO 6925 [egg:logger] init all loggers with options: {"dir":"/Users/abc/Documents/workspace/kaier/adminAPI/logs/example","encoding":"utf8","env":"local","level":"INFO","consoleLevel":"INFO","disableConsoleAfterReady":false,"outputJSON":false,"buffer":true,"appLogName":"example-web.log","coreLogName":"egg-web.log","agentLogName":"egg-agent.log","errorLogName":"common-error.log","coreLogger":{"consoleLevel":"WARN"},"allowDebugAtProd":false,"type":"application"}
2018-12-13 13:27:48,466 INFO 6925 [egg-schedule]: register schedule /Users/abc/Documents/workspace/kaier/adminAPI/node_modules/egg-multipart/app/schedule/clean_tmpdir.js
2018-12-13 13:27:48,466 INFO 6925 [egg-schedule]: register schedule /Users/abc/Documents/workspace/kaier/adminAPI/node_modules/egg-logrotator/app/schedule/clean_log.js
2018-12-13 13:27:48,466 INFO 6925 [egg-schedule]: register schedule /Users/abc/Documents/workspace/kaier/adminAPI/node_modules/egg-logrotator/app/schedule/rotate_by_file.js
2018-12-13 13:27:48,473 INFO 6925 [egg-multipart] file mode enable
2018-12-13 13:27:48,473 INFO 6925 [egg-multipart] will save temporary files to "/var/folders/r5/n06hcbqd7r95ttkzdd3n7bd80000gn/T/egg-multipart-tmp/example", cleanup job cron: "0 30 4 * * *"
2018-12-13 13:27:48,517 INFO 6925 [egg-mysql] connecting kaier001@106.13.10.101:3306/kaier
2018-12-13 13:27:52,087 INFO 6925 [egg-static] starting static serve /static -> /Users/abc/Documents/workspace/kaier/adminAPI/app/public
2018-12-13 13:27:52,100 INFO 6925 [egg-security] use methodnoallow middleware
2018-12-13 13:27:52,103 INFO 6925 [egg-security] use noopen middleware
2018-12-13 13:27:52,106 INFO 6925 [egg-security] use nosniff middleware
2018-12-13 13:27:52,108 INFO 6925 [egg-security] use xssProtection middleware
2018-12-13 13:27:52,112 INFO 6925 [egg-security] use xframe middleware
2018-12-13 13:27:52,114 INFO 6925 [egg-security] use dta middleware
2018-12-13 13:27:52,114 INFO 6925 [egg-security] compose 6 middlewares into one security middleware
2018-12-13 13:27:52,783 INFO 6925 [egg:core] dump config after load, 47ms
2018-12-13 13:27:52,965 INFO 6925 [egg-watcher:app] watcher start success
2018-12-13 13:27:53,070 INFO 6925 [egg-mysql] instance[0] status OK, rds currentTime: Thu Dec 13 2018 13:27:52 GMT+0800 (CST)
2018-12-13 13:27:53,510 INFO 6925 [egg:core] dump config after ready, 23ms
2018-12-13 13:29:37,003 INFO 6983 [egg:logger] init all loggers with options: {"dir":"/Users/abc/Documents/workspace/kaier/adminAPI/logs/example","encoding":"utf8","env":"local","level":"INFO","consoleLevel":"INFO","disableConsoleAfterReady":false,"outputJSON":false,"buffer":true,"appLogName":"example-web.log","coreLogName":"egg-web.log","agentLogName":"egg-agent.log","errorLogName":"common-error.log","coreLogger":{"consoleLevel":"WARN"},"allowDebugAtProd":false,"type":"application"}
2018-12-13 13:29:37,073 INFO 6983 [egg-schedule]: register schedule /Users/abc/Documents/workspace/kaier/adminAPI/node_modules/egg-multipart/app/schedule/clean_tmpdir.js
2018-12-13 13:29:37,073 INFO 6983 [egg-schedule]: register schedule /Users/abc/Documents/workspace/kaier/adminAPI/node_modules/egg-logrotator/app/schedule/clean_log.js
2018-12-13 13:29:37,073 INFO 6983 [egg-schedule]: register schedule /Users/abc/Documents/workspace/kaier/adminAPI/node_modules/egg-logrotator/app/schedule/rotate_by_file.js
2018-12-13 13:29:37,085 INFO 6983 [egg-multipart] file mode enable
2018-12-13 13:29:37,085 INFO 6983 [egg-multipart] will save temporary files to "/var/folders/r5/n06hcbqd7r95ttkzdd3n7bd80000gn/T/egg-multipart-tmp/example", cleanup job cron: "0 30 4 * * *"
2018-12-13 13:29:37,109 INFO 6983 [egg-mysql] connecting kaier001@106.13.10.101:3306/kaier
2018-12-13 13:29:38,442 INFO 6983 [egg-static] starting static serve /static -> /Users/abc/Documents/workspace/kaier/adminAPI/app/public
2018-12-13 13:29:38,453 INFO 6983 [egg-security] use methodnoallow middleware
2018-12-13 13:29:38,455 INFO 6983 [egg-security] use noopen middleware
2018-12-13 13:29:38,456 INFO 6983 [egg-security] use nosniff middleware
2018-12-13 13:29:38,458 INFO 6983 [egg-security] use xssProtection middleware
2018-12-13 13:29:38,460 INFO 6983 [egg-security] use xframe middleware
2018-12-13 13:29:38,462 INFO 6983 [egg-security] use dta middleware
2018-12-13 13:29:38,462 INFO 6983 [egg-security] compose 6 middlewares into one security middleware
2018-12-13 13:29:38,708 INFO 6983 [egg:core] dump config after load, 9ms
2018-12-13 13:29:38,827 INFO 6983 [egg-watcher:app] watcher start success
2018-12-13 13:29:38,912 INFO 6983 [egg-mysql] instance[0] status OK, rds currentTime: Thu Dec 13 2018 13:29:38 GMT+0800 (CST)
2018-12-13 13:29:39,285 INFO 6983 [egg:core] dump config after ready, 12ms
2018-12-13 13:31:59,886 INFO 7142 [egg:logger] init all loggers with options: {"dir":"/Users/abc/Documents/workspace/kaier/adminAPI/logs/example","encoding":"utf8","env":"local","level":"INFO","consoleLevel":"INFO","disableConsoleAfterReady":false,"outputJSON":false,"buffer":true,"appLogName":"example-web.log","coreLogName":"egg-web.log","agentLogName":"egg-agent.log","errorLogName":"common-error.log","coreLogger":{"consoleLevel":"WARN"},"allowDebugAtProd":false,"type":"application"}
2018-12-13 13:32:00,041 INFO 7142 [egg-schedule]: register schedule /Users/abc/Documents/workspace/kaier/adminAPI/node_modules/egg-multipart/app/schedule/clean_tmpdir.js
2018-12-13 13:32:00,041 INFO 7142 [egg-schedule]: register schedule /Users/abc/Documents/workspace/kaier/adminAPI/node_modules/egg-logrotator/app/schedule/clean_log.js
2018-12-13 13:32:00,041 INFO 7142 [egg-schedule]: register schedule /Users/abc/Documents/workspace/kaier/adminAPI/node_modules/egg-logrotator/app/schedule/rotate_by_file.js
2018-12-13 13:32:00,052 INFO 7142 [egg-multipart] file mode enable
2018-12-13 13:32:00,052 INFO 7142 [egg-multipart] will save temporary files to "/var/folders/r5/n06hcbqd7r95ttkzdd3n7bd80000gn/T/egg-multipart-tmp/example", cleanup job cron: "0 30 4 * * *"
2018-12-13 13:32:00,128 INFO 7142 [egg-mysql] connecting kaier001@106.13.10.101:3306/kaier
2018-12-13 13:32:03,459 INFO 7142 [egg-static] starting static serve /static -> /Users/abc/Documents/workspace/kaier/adminAPI/app/public
2018-12-13 13:32:03,463 INFO 7142 [egg-security] use methodnoallow middleware
2018-12-13 13:32:03,466 INFO 7142 [egg-security] use noopen middleware
2018-12-13 13:32:03,469 INFO 7142 [egg-security] use nosniff middleware
2018-12-13 13:32:03,471 INFO 7142 [egg-security] use xssProtection middleware
2018-12-13 13:32:03,472 INFO 7142 [egg-security] use xframe middleware
2018-12-13 13:32:03,474 INFO 7142 [egg-security] use dta middleware
2018-12-13 13:32:03,474 INFO 7142 [egg-security] compose 6 middlewares into one security middleware
2018-12-13 13:32:03,715 INFO 7142 [egg:core] dump config after load, 20ms
2018-12-13 13:32:04,244 INFO 7142 [egg-watcher:app] watcher start success
2018-12-13 13:32:04,406 INFO 7142 [egg-mysql] instance[0] status OK, rds currentTime: Thu Dec 13 2018 13:32:04 GMT+0800 (CST)
2018-12-13 13:32:04,758 INFO 7142 [egg:core] dump config after ready, 17ms
2018-12-13 13:32:31,264 INFO 7180 [egg:logger] init all loggers with options: {"dir":"/Users/abc/Documents/workspace/kaier/adminAPI/logs/example","encoding":"utf8","env":"local","level":"INFO","consoleLevel":"INFO","disableConsoleAfterReady":false,"outputJSON":false,"buffer":true,"appLogName":"example-web.log","coreLogName":"egg-web.log","agentLogName":"egg-agent.log","errorLogName":"common-error.log","coreLogger":{"consoleLevel":"WARN"},"allowDebugAtProd":false,"type":"application"}
2018-12-13 13:32:31,338 INFO 7180 [egg-schedule]: register schedule /Users/abc/Documents/workspace/kaier/adminAPI/node_modules/egg-multipart/app/schedule/clean_tmpdir.js
2018-12-13 13:32:31,338 INFO 7180 [egg-schedule]: register schedule /Users/abc/Documents/workspace/kaier/adminAPI/node_modules/egg-logrotator/app/schedule/clean_log.js
2018-12-13 13:32:31,338 INFO 7180 [egg-schedule]: register schedule /Users/abc/Documents/workspace/kaier/adminAPI/node_modules/egg-logrotator/app/schedule/rotate_by_file.js
2018-12-13 13:32:31,347 INFO 7180 [egg-multipart] file mode enable
2018-12-13 13:32:31,347 INFO 7180 [egg-multipart] will save temporary files to "/var/folders/r5/n06hcbqd7r95ttkzdd3n7bd80000gn/T/egg-multipart-tmp/example", cleanup job cron: "0 30 4 * * *"
2018-12-13 13:32:31,394 INFO 7180 [egg-mysql] connecting kaier001@106.13.10.101:3306/kaier
2018-12-13 13:32:34,361 INFO 7180 [egg-static] starting static serve /static -> /Users/abc/Documents/workspace/kaier/adminAPI/app/public
2018-12-13 13:32:34,370 INFO 7180 [egg-security] use methodnoallow middleware
2018-12-13 13:32:34,373 INFO 7180 [egg-security] use noopen middleware
2018-12-13 13:32:34,375 INFO 7180 [egg-security] use nosniff middleware
2018-12-13 13:32:34,378 INFO 7180 [egg-security] use xssProtection middleware
2018-12-13 13:32:34,384 INFO 7180 [egg-security] use xframe middleware
2018-12-13 13:32:34,386 INFO 7180 [egg-security] use dta middleware
2018-12-13 13:32:34,386 INFO 7180 [egg-security] compose 6 middlewares into one security middleware
2018-12-13 13:32:34,657 INFO 7180 [egg:core] dump config after load, 10ms
2018-12-13 13:32:34,764 INFO 7180 [egg-watcher:app] watcher start success
2018-12-13 13:32:34,851 INFO 7180 [egg-mysql] instance[0] status OK, rds currentTime: Thu Dec 13 2018 13:32:34 GMT+0800 (CST)
2018-12-13 13:32:35,186 INFO 7180 [egg:core] dump config after ready, 15ms
2018-12-13 13:33:08,401 INFO 7207 [egg:logger] init all loggers with options: {"dir":"/Users/abc/Documents/workspace/kaier/adminAPI/logs/example","encoding":"utf8","env":"local","level":"INFO","consoleLevel":"INFO","disableConsoleAfterReady":false,"outputJSON":false,"buffer":true,"appLogName":"example-web.log","coreLogName":"egg-web.log","agentLogName":"egg-agent.log","errorLogName":"common-error.log","coreLogger":{"consoleLevel":"WARN"},"allowDebugAtProd":false,"type":"application"}
2018-12-13 13:33:08,482 INFO 7207 [egg-schedule]: register schedule /Users/abc/Documents/workspace/kaier/adminAPI/node_modules/egg-multipart/app/schedule/clean_tmpdir.js
2018-12-13 13:33:08,482 INFO 7207 [egg-schedule]: register schedule /Users/abc/Documents/workspace/kaier/adminAPI/node_modules/egg-logrotator/app/schedule/clean_log.js
2018-12-13 13:33:08,482 INFO 7207 [egg-schedule]: register schedule /Users/abc/Documents/workspace/kaier/adminAPI/node_modules/egg-logrotator/app/schedule/rotate_by_file.js
2018-12-13 13:33:08,493 INFO 7207 [egg-multipart] file mode enable
2018-12-13 13:33:08,493 INFO 7207 [egg-multipart] will save temporary files to "/var/folders/r5/n06hcbqd7r95ttkzdd3n7bd80000gn/T/egg-multipart-tmp/example", cleanup job cron: "0 30 4 * * *"
2018-12-13 13:33:08,548 INFO 7207 [egg-mysql] connecting kaier001@106.13.10.101:3306/kaier
2018-12-13 13:33:10,835 INFO 7207 [egg-static] starting static serve /static -> /Users/abc/Documents/workspace/kaier/adminAPI/app/public
2018-12-13 13:33:10,844 INFO 7207 [egg-security] use methodnoallow middleware
2018-12-13 13:33:10,847 INFO 7207 [egg-security] use noopen middleware
2018-12-13 13:33:10,851 INFO 7207 [egg-security] use nosniff middleware
2018-12-13 13:33:10,853 INFO 7207 [egg-security] use xssProtection middleware
2018-12-13 13:33:10,855 INFO 7207 [egg-security] use xframe middleware
2018-12-13 13:33:10,856 INFO 7207 [egg-security] use dta middleware
2018-12-13 13:33:10,857 INFO 7207 [egg-security] compose 6 middlewares into one security middleware
2018-12-13 13:33:11,063 INFO 7207 [egg:core] dump config after load, 13ms
2018-12-13 13:33:11,168 INFO 7207 [egg-watcher:app] watcher start success
2018-12-13 13:33:11,260 INFO 7207 [egg-mysql] instance[0] status OK, rds currentTime: Thu Dec 13 2018 13:33:11 GMT+0800 (CST)
2018-12-13 13:33:11,623 INFO 7207 [egg:core] dump config after ready, 12ms
2018-12-13 13:34:33,971 INFO 7374 [egg:logger] init all loggers with options: {"dir":"/Users/abc/Documents/workspace/kaier/adminAPI/logs/example","encoding":"utf8","env":"local","level":"INFO","consoleLevel":"INFO","disableConsoleAfterReady":false,"outputJSON":false,"buffer":true,"appLogName":"example-web.log","coreLogName":"egg-web.log","agentLogName":"egg-agent.log","errorLogName":"common-error.log","coreLogger":{"consoleLevel":"WARN"},"allowDebugAtProd":false,"type":"application"}
2018-12-13 13:34:34,056 INFO 7374 [egg-schedule]: register schedule /Users/abc/Documents/workspace/kaier/adminAPI/node_modules/egg-multipart/app/schedule/clean_tmpdir.js
2018-12-13 13:34:34,056 INFO 7374 [egg-schedule]: register schedule /Users/abc/Documents/workspace/kaier/adminAPI/node_modules/egg-logrotator/app/schedule/clean_log.js
2018-12-13 13:34:34,056 INFO 7374 [egg-schedule]: register schedule /Users/abc/Documents/workspace/kaier/adminAPI/node_modules/egg-logrotator/app/schedule/rotate_by_file.js
2018-12-13 13:34:34,068 INFO 7374 [egg-multipart] file mode enable
2018-12-13 13:34:34,068 INFO 7374 [egg-multipart] will save temporary files to "/var/folders/r5/n06hcbqd7r95ttkzdd3n7bd80000gn/T/egg-multipart-tmp/example", cleanup job cron: "0 30 4 * * *"
2018-12-13 13:34:34,139 INFO 7374 [egg-mysql] connecting kaier001@106.13.10.101:3306/kaier
2018-12-13 13:34:37,137 INFO 7374 [egg-static] starting static serve /static -> /Users/abc/Documents/workspace/kaier/adminAPI/app/public
2018-12-13 13:34:37,144 INFO 7374 [egg-security] use methodnoallow middleware
2018-12-13 13:34:37,146 INFO 7374 [egg-security] use noopen middleware
2018-12-13 13:34:37,151 INFO 7374 [egg-security] use nosniff middleware
2018-12-13 13:34:37,154 INFO 7374 [egg-security] use xssProtection middleware
2018-12-13 13:34:37,156 INFO 7374 [egg-security] use xframe middleware
2018-12-13 13:34:37,158 INFO 7374 [egg-security] use dta middleware
2018-12-13 13:34:37,158 INFO 7374 [egg-security] compose 6 middlewares into one security middleware
2018-12-13 13:34:37,500 INFO 7374 [egg:core] dump config after load, 29ms
2018-12-13 13:34:37,621 INFO 7374 [egg-watcher:app] watcher start success
2018-12-13 13:34:37,702 INFO 7374 [egg-mysql] instance[0] status OK, rds currentTime: Thu Dec 13 2018 13:34:37 GMT+0800 (CST)
2018-12-13 13:34:38,026 INFO 7374 [egg:core] dump config after ready, 15ms
2018-12-13 13:34:55,377 INFO 7398 [egg:logger] init all loggers with options: {"dir":"/Users/abc/Documents/workspace/kaier/adminAPI/logs/example","encoding":"utf8","env":"local","level":"INFO","consoleLevel":"INFO","disableConsoleAfterReady":false,"outputJSON":false,"buffer":true,"appLogName":"example-web.log","coreLogName":"egg-web.log","agentLogName":"egg-agent.log","errorLogName":"common-error.log","coreLogger":{"consoleLevel":"WARN"},"allowDebugAtProd":false,"type":"application"}
2018-12-13 13:34:55,456 INFO 7398 [egg-schedule]: register schedule /Users/abc/Documents/workspace/kaier/adminAPI/node_modules/egg-multipart/app/schedule/clean_tmpdir.js
2018-12-13 13:34:55,456 INFO 7398 [egg-schedule]: register schedule /Users/abc/Documents/workspace/kaier/adminAPI/node_modules/egg-logrotator/app/schedule/clean_log.js
2018-12-13 13:34:55,456 INFO 7398 [egg-schedule]: register schedule /Users/abc/Documents/workspace/kaier/adminAPI/node_modules/egg-logrotator/app/schedule/rotate_by_file.js
2018-12-13 13:34:55,468 INFO 7398 [egg-multipart] file mode enable
2018-12-13 13:34:55,468 INFO 7398 [egg-multipart] will save temporary files to "/var/folders/r5/n06hcbqd7r95ttkzdd3n7bd80000gn/T/egg-multipart-tmp/example", cleanup job cron: "0 30 4 * * *"
2018-12-13 13:34:55,527 INFO 7398 [egg-mysql] connecting kaier001@106.13.10.101:3306/kaier
2018-12-13 13:34:59,344 INFO 7398 [egg-static] starting static serve /static -> /Users/abc/Documents/workspace/kaier/adminAPI/app/public
2018-12-13 13:34:59,352 INFO 7398 [egg-security] use methodnoallow middleware
2018-12-13 13:34:59,354 INFO 7398 [egg-security] use noopen middleware
2018-12-13 13:34:59,356 INFO 7398 [egg-security] use nosniff middleware
2018-12-13 13:34:59,358 INFO 7398 [egg-security] use xssProtection middleware
2018-12-13 13:34:59,361 INFO 7398 [egg-security] use xframe middleware
2018-12-13 13:34:59,363 INFO 7398 [egg-security] use dta middleware
2018-12-13 13:34:59,363 INFO 7398 [egg-security] compose 6 middlewares into one security middleware
2018-12-13 13:34:59,606 INFO 7398 [egg:core] dump config after load, 19ms
2018-12-13 13:34:59,700 INFO 7398 [egg-watcher:app] watcher start success
2018-12-13 13:34:59,837 INFO 7398 [egg-mysql] instance[0] status OK, rds currentTime: Thu Dec 13 2018 13:34:59 GMT+0800 (CST)
2018-12-13 13:35:00,224 INFO 7398 [egg:core] dump config after ready, 7ms
2018-12-13 13:37:36,859 INFO 7595 [egg:logger] init all loggers with options: {"dir":"/Users/abc/Documents/workspace/kaier/adminAPI/logs/example","encoding":"utf8","env":"local","level":"INFO","consoleLevel":"INFO","disableConsoleAfterReady":false,"outputJSON":false,"buffer":true,"appLogName":"example-web.log","coreLogName":"egg-web.log","agentLogName":"egg-agent.log","errorLogName":"common-error.log","coreLogger":{"consoleLevel":"WARN"},"allowDebugAtProd":false,"type":"application"}
2018-12-13 13:37:36,972 INFO 7595 [egg-schedule]: register schedule /Users/abc/Documents/workspace/kaier/adminAPI/node_modules/egg-multipart/app/schedule/clean_tmpdir.js
2018-12-13 13:37:36,972 INFO 7595 [egg-schedule]: register schedule /Users/abc/Documents/workspace/kaier/adminAPI/node_modules/egg-logrotator/app/schedule/clean_log.js
2018-12-13 13:37:36,972 INFO 7595 [egg-schedule]: register schedule /Users/abc/Documents/workspace/kaier/adminAPI/node_modules/egg-logrotator/app/schedule/rotate_by_file.js
2018-12-13 13:37:36,984 INFO 7595 [egg-multipart] file mode enable
2018-12-13 13:37:36,984 INFO 7595 [egg-multipart] will save temporary files to "/var/folders/r5/n06hcbqd7r95ttkzdd3n7bd80000gn/T/egg-multipart-tmp/example", cleanup job cron: "0 30 4 * * *"
2018-12-13 13:37:37,050 INFO 7595 [egg-mysql] connecting kaier001@106.13.10.101:3306/kaier
2018-12-13 13:37:39,854 INFO 7595 [egg-static] starting static serve /static -> /Users/abc/Documents/workspace/kaier/adminAPI/app/public
2018-12-13 13:37:39,861 INFO 7595 [egg-security] use methodnoallow middleware
2018-12-13 13:37:39,862 INFO 7595 [egg-security] use noopen middleware
2018-12-13 13:37:39,864 INFO 7595 [egg-security] use nosniff middleware
2018-12-13 13:37:39,867 INFO 7595 [egg-security] use xssProtection middleware
2018-12-13 13:37:39,868 INFO 7595 [egg-security] use xframe middleware
2018-12-13 13:37:39,870 INFO 7595 [egg-security] use dta middleware
2018-12-13 13:37:39,870 INFO 7595 [egg-security] compose 6 middlewares into one security middleware
2018-12-13 13:37:40,103 INFO 7595 [egg:core] dump config after load, 13ms
2018-12-13 13:37:40,170 INFO 7595 [egg-watcher:app] watcher start success
2018-12-13 13:37:40,307 INFO 7595 [egg-mysql] instance[0] status OK, rds currentTime: Thu Dec 13 2018 13:37:40 GMT+0800 (CST)
2018-12-13 13:37:40,663 INFO 7595 [egg:core] dump config after ready, 16ms
2018-12-13 13:39:01,403 INFO 7640 [egg:logger] init all loggers with options: {"dir":"/Users/abc/Documents/workspace/kaier/adminAPI/logs/example","encoding":"utf8","env":"local","level":"INFO","consoleLevel":"INFO","disableConsoleAfterReady":false,"outputJSON":false,"buffer":true,"appLogName":"example-web.log","coreLogName":"egg-web.log","agentLogName":"egg-agent.log","errorLogName":"common-error.log","coreLogger":{"consoleLevel":"WARN"},"allowDebugAtProd":false,"type":"application"}
2018-12-13 13:39:01,478 INFO 7640 [egg-schedule]: register schedule /Users/abc/Documents/workspace/kaier/adminAPI/node_modules/egg-multipart/app/schedule/clean_tmpdir.js
2018-12-13 13:39:01,478 INFO 7640 [egg-schedule]: register schedule /Users/abc/Documents/workspace/kaier/adminAPI/node_modules/egg-logrotator/app/schedule/clean_log.js
2018-12-13 13:39:01,478 INFO 7640 [egg-schedule]: register schedule /Users/abc/Documents/workspace/kaier/adminAPI/node_modules/egg-logrotator/app/schedule/rotate_by_file.js
2018-12-13 13:39:01,486 INFO 7640 [egg-multipart] file mode enable
2018-12-13 13:39:01,486 INFO 7640 [egg-multipart] will save temporary files to "/var/folders/r5/n06hcbqd7r95ttkzdd3n7bd80000gn/T/egg-multipart-tmp/example", cleanup job cron: "0 30 4 * * *"
2018-12-13 13:39:01,533 INFO 7640 [egg-mysql] connecting kaier001@106.13.10.101:3306/kaier
2018-12-13 13:39:05,767 INFO 7640 [egg-static] starting static serve /static -> /Users/abc/Documents/workspace/kaier/adminAPI/app/public
2018-12-13 13:39:05,773 INFO 7640 [egg-security] use methodnoallow middleware
2018-12-13 13:39:05,775 INFO 7640 [egg-security] use noopen middleware
2018-12-13 13:39:05,778 INFO 7640 [egg-security] use nosniff middleware
2018-12-13 13:39:05,780 INFO 7640 [egg-security] use xssProtection middleware
2018-12-13 13:39:05,782 INFO 7640 [egg-security] use xframe middleware
2018-12-13 13:39:05,784 INFO 7640 [egg-security] use dta middleware
2018-12-13 13:39:05,784 INFO 7640 [egg-security] compose 6 middlewares into one security middleware
2018-12-13 13:39:06,103 INFO 7640 [egg:core] dump config after load, 30ms
2018-12-13 13:39:06,201 INFO 7640 [egg-watcher:app] watcher start success
2018-12-13 13:39:06,319 INFO 7640 [egg-mysql] instance[0] status OK, rds currentTime: Thu Dec 13 2018 13:39:06 GMT+0800 (CST)
2018-12-13 13:39:06,659 INFO 7640 [egg:core] dump config after ready, 18ms
2018-12-13 13:47:50,576 INFO 8044 [egg:logger] init all loggers with options: {"dir":"/Users/abc/Documents/workspace/kaier/adminAPI/logs/example","encoding":"utf8","env":"local","level":"INFO","consoleLevel":"INFO","disableConsoleAfterReady":false,"outputJSON":false,"buffer":true,"appLogName":"example-web.log","coreLogName":"egg-web.log","agentLogName":"egg-agent.log","errorLogName":"common-error.log","coreLogger":{"consoleLevel":"WARN"},"allowDebugAtProd":false,"type":"application"}
2018-12-13 13:47:50,663 INFO 8044 [egg-schedule]: register schedule /Users/abc/Documents/workspace/kaier/adminAPI/node_modules/egg-multipart/app/schedule/clean_tmpdir.js
2018-12-13 13:47:50,664 INFO 8044 [egg-schedule]: register schedule /Users/abc/Documents/workspace/kaier/adminAPI/node_modules/egg-logrotator/app/schedule/clean_log.js
2018-12-13 13:47:50,664 INFO 8044 [egg-schedule]: register schedule /Users/abc/Documents/workspace/kaier/adminAPI/node_modules/egg-logrotator/app/schedule/rotate_by_file.js
2018-12-13 13:47:50,669 INFO 8044 [egg-multipart] file mode enable
2018-12-13 13:47:50,669 INFO 8044 [egg-multipart] will save temporary files to "/var/folders/r5/n06hcbqd7r95ttkzdd3n7bd80000gn/T/egg-multipart-tmp/example", cleanup job cron: "0 30 4 * * *"
2018-12-13 13:47:50,721 INFO 8044 [egg-mysql] connecting kaier001@106.13.10.101:3306/kaier
2018-12-13 13:47:53,102 INFO 8044 [egg-static] starting static serve /static -> /Users/abc/Documents/workspace/kaier/adminAPI/app/public
2018-12-13 13:47:53,106 INFO 8044 [egg-security] use methodnoallow middleware
2018-12-13 13:47:53,108 INFO 8044 [egg-security] use noopen middleware
2018-12-13 13:47:53,111 INFO 8044 [egg-security] use nosniff middleware
2018-12-13 13:47:53,116 INFO 8044 [egg-security] use xssProtection middleware
2018-12-13 13:47:53,119 INFO 8044 [egg-security] use xframe middleware
2018-12-13 13:47:53,120 INFO 8044 [egg-security] use dta middleware
2018-12-13 13:47:53,120 INFO 8044 [egg-security] compose 6 middlewares into one security middleware
2018-12-13 13:47:53,354 INFO 8044 [egg:core] dump config after load, 16ms
2018-12-13 13:47:53,423 INFO 8044 [egg-watcher:app] watcher start success
2018-12-13 13:47:53,570 INFO 8044 [egg-mysql] instance[0] status OK, rds currentTime: Thu Dec 13 2018 13:47:53 GMT+0800 (CST)
2018-12-13 13:47:53,856 INFO 8044 [egg:core] dump config after ready, 16ms
