2018-12-12 00:38:04,659 INFO 1492 [egg-knex] { method: 'select',
  options: {},
  timeout: false,
  cancelOnTimeout: false,
  bindings: [],
  __knexQueryUid: 'badb1ee5-aa43-4bda-aa8d-7534b6d86d06',
  sql: 'select * from `post`' }
2018-12-12 00:38:04,742 INFO 1492 [egg-knex] explains of select * from `post`
=====> result: [{"id":1,"select_type":"SIMPLE","table":"post","type":"ALL","possible_keys":null,"key":null,"key_len":null,"ref":null,"rows":2,"Extra":null}]
2018-12-12 00:38:04,743 INFO 1492 [egg-knex] { method: 'select',
  options: {},
  timeout: false,
  cancelOnTimeout: false,
  bindings: [],
  __knexQueryUid: '347d1def-3cbd-40ed-bace-4a85b456108d',
  sql: 'select * from `user`' }
2018-12-12 00:38:04,862 INFO 1492 [egg-knex] explains of select * from `user`
=====> result: [{"id":1,"select_type":"SIMPLE","table":"user","type":"ALL","possible_keys":null,"key":null,"key_len":null,"ref":null,"rows":2,"Extra":null}]
2018-12-12 00:50:52,252 INFO 3028 [egg-knex] mysql connecting kaier001@106.13.10.101:3306/kaier
2018-12-12 00:50:54,974 INFO 3028 [egg-knex] { method: 'raw',
  sql: 'SHOW TABLES',
  bindings: [],
  options: {},
  __knexQueryUid: '235cb6e8-2dde-4000-b833-ac331f1db365' }
2018-12-12 00:50:55,025 INFO 3028 [egg-knex] mysql 106.13.10.101#3306#kaier#kaier001 status OK, got 2 tables
2018-12-12 00:50:55,026 INFO 3028 [egg-knex] instance[0] status OK
2018-12-12 00:51:26,824 INFO 3120 [egg-knex] mysql connecting kaier001@106.13.10.101:3306/kaier
2018-12-12 00:51:28,108 INFO 3120 [egg-knex] { method: 'raw',
  sql: 'SHOW TABLES',
  bindings: [],
  options: {},
  __knexQueryUid: '1c865724-cac1-4faf-866f-faabbec12f1e' }
2018-12-12 00:51:28,147 INFO 3120 [egg-knex] mysql 106.13.10.101#3306#kaier#kaier001 status OK, got 2 tables
2018-12-12 00:51:28,148 INFO 3120 [egg-knex] instance[0] status OK
2018-12-12 00:57:52,096 INFO 3389 [egg-knex] mysql connecting kaier001@106.13.10.101:3306/kaier
2018-12-12 00:57:53,458 INFO 3389 [egg-knex] { method: 'raw',
  sql: 'SHOW TABLES',
  bindings: [],
  options: {},
  __knexQueryUid: '63ab1751-eefc-4739-ab9e-2d10535979f3' }
2018-12-12 00:57:53,493 INFO 3389 [egg-knex] mysql 106.13.10.101#3306#kaier#kaier001 status OK, got 2 tables
2018-12-12 00:57:53,493 INFO 3389 [egg-knex] instance[0] status OK
2018-12-12 00:57:55,898 INFO 3389 [egg-knex] { method: 'insert',
  options: {},
  timeout: false,
  cancelOnTimeout: false,
  bindings: 
   [ '我添加的信息',
     1544547475895,
     [ 'http://pjgs5tghw.bkt.clouddn.com/192.168.1.103:8080/a20ef414-8e41-469d-a7b1-4ba51d3a6eee' ],
     1 ],
  __knexQueryUid: '5db3c14d-dcbf-491c-b495-336189063de4',
  sql: 'insert into `post` (`content`, `create_time`, `images`, `publish_id`) values (?, ?, ?, ?)' }
2018-12-12 00:57:56,015 INFO 3389 [egg-knex] explains of insert into `post` (`content`, `create_time`, `images`, `publish_id`) values ('我添加的信息', 1544547475895, 'http://pjgs5tghw.bkt.clouddn.com/192.168.1.103:8080/a20ef414-8e41-469d-a7b1-4ba51d3a6eee', 1)
=====> result: [{"id":1,"select_type":"SIMPLE","table":null,"type":null,"possible_keys":null,"key":null,"key_len":null,"ref":null,"rows":null,"Extra":"No tables used"}]
2018-12-12 01:00:11,348 INFO 3389 [egg-knex] { method: 'insert',
  options: {},
  timeout: false,
  cancelOnTimeout: false,
  bindings: [ 'wotianjiade', 1544547611233, '[]', 1 ],
  __knexQueryUid: '09c04e04-3ec6-4a8c-bb7e-e6a75f459be1',
  sql: 'insert into `post` (`content`, `create_time`, `images`, `publish_id`) values (?, ?, ?, ?)' }
2018-12-12 01:00:11,447 INFO 3389 [egg-knex] explains of insert into `post` (`content`, `create_time`, `images`, `publish_id`) values ('wotianjiade', 1544547611233, '[]', 1)
=====> result: [{"id":1,"select_type":"SIMPLE","table":null,"type":null,"possible_keys":null,"key":null,"key_len":null,"ref":null,"rows":null,"Extra":"No tables used"}]
2018-12-12 01:00:33,963 INFO 3389 [egg-knex] { method: 'insert',
  options: {},
  timeout: false,
  cancelOnTimeout: false,
  bindings: [ 'wotianjiade', 1544547633962, '[]', 1 ],
  __knexQueryUid: 'ed3ee980-6264-46dc-ae5c-e1b57fe783d0',
  sql: 'insert into `post` (`content`, `create_time`, `images`, `publish_id`) values (?, ?, ?, ?)' }
2018-12-12 01:00:34,080 INFO 3389 [egg-knex] explains of insert into `post` (`content`, `create_time`, `images`, `publish_id`) values ('wotianjiade', 1544547633962, '[]', 1)
=====> result: [{"id":1,"select_type":"SIMPLE","table":null,"type":null,"possible_keys":null,"key":null,"key_len":null,"ref":null,"rows":null,"Extra":"No tables used"}]
2018-12-12 01:00:35,417 INFO 3515 [egg-knex] mysql connecting kaier001@106.13.10.101:3306/kaier
2018-12-12 01:00:36,635 INFO 3515 [egg-knex] { method: 'raw',
  sql: 'SHOW TABLES',
  bindings: [],
  options: {},
  __knexQueryUid: '9fb939dd-88f0-4828-8c1c-dd3120630628' }
2018-12-12 01:00:36,684 INFO 3515 [egg-knex] mysql 106.13.10.101#3306#kaier#kaier001 status OK, got 2 tables
2018-12-12 01:00:36,685 INFO 3515 [egg-knex] instance[0] status OK
2018-12-12 01:01:01,232 INFO 3530 [egg-knex] mysql connecting kaier001@106.13.10.101:3306/kaier
2018-12-12 01:01:01,918 INFO 3530 [egg-knex] { method: 'raw',
  sql: 'SHOW TABLES',
  bindings: [],
  options: {},
  __knexQueryUid: '07c67d8d-679b-48d2-a7ee-4aa75189253a' }
2018-12-12 01:01:01,960 INFO 3530 [egg-knex] mysql 106.13.10.101#3306#kaier#kaier001 status OK, got 2 tables
2018-12-12 01:01:01,960 INFO 3530 [egg-knex] instance[0] status OK
2018-12-12 01:01:05,242 INFO 3530 [egg-knex] { method: 'insert',
  options: {},
  timeout: false,
  cancelOnTimeout: false,
  bindings: [ 'wotianjiade', '[]', 1 ],
  __knexQueryUid: '232ec524-aa6a-4406-905f-22fda9e6511c',
  sql: 'insert into `post` (`content`, `images`, `publish_id`) values (?, ?, ?)' }
2018-12-12 01:01:05,366 INFO 3530 [egg-knex] explains of insert into `post` (`content`, `images`, `publish_id`) values ('wotianjiade', '[]', 1)
=====> result: [{"id":1,"select_type":"SIMPLE","table":null,"type":null,"possible_keys":null,"key":null,"key_len":null,"ref":null,"rows":null,"Extra":"No tables used"}]
2018-12-12 01:03:43,927 INFO 3664 [egg-knex] mysql connecting kaier001@106.13.10.101:3306/kaier
2018-12-12 01:03:45,014 INFO 3664 [egg-knex] { method: 'raw',
  sql: 'SHOW TABLES',
  bindings: [],
  options: {},
  __knexQueryUid: '3091ac74-911b-47bf-b991-1d187b658050' }
2018-12-12 01:03:45,067 INFO 3664 [egg-knex] mysql 106.13.10.101#3306#kaier#kaier001 status OK, got 2 tables
2018-12-12 01:03:45,067 INFO 3664 [egg-knex] instance[0] status OK
2018-12-12 01:04:02,079 INFO 3664 [egg-knex] { method: 'insert',
  options: {},
  timeout: false,
  cancelOnTimeout: false,
  bindings: 
   [ '带图片的内容哦~~~',
     1544547842076,
     '["http://pjgs5tghw.bkt.clouddn.com/192.168.1.103:8080/b0b043ee-3898-4de3-9f83-e96f043dc8e5","http://pjgs5tghw.bkt.clouddn.com/192.168.1.103:8080/c9d75e4b-cc51-42f6-b0d6-969d104af518","http://pjgs5tghw.bkt.clouddn.com/192.168.1.103:8080/e1c52bb1-80c3-46fb-a414-abc197f34877"]',
     1 ],
  __knexQueryUid: '9e8332a6-cdf3-4df8-9770-2627be32b341',
  sql: 'insert into `post` (`content`, `create_time`, `images`, `publish_id`) values (?, ?, ?, ?)' }
2018-12-12 01:04:02,167 INFO 3664 [egg-knex] explains of insert into `post` (`content`, `create_time`, `images`, `publish_id`) values ('带图片的内容哦~~~', 1544547842076, '[\"http://pjgs5tghw.bkt.clouddn.com/192.168.1.103:8080/b0b043ee-3898-4de3-9f83-e96f043dc8e5\",\"http://pjgs5tghw.bkt.clouddn.com/192.168.1.103:8080/c9d75e4b-cc51-42f6-b0d6-969d104af518\",\"http://pjgs5tghw.bkt.clouddn.com/192.168.1.103:8080/e1c52bb1-80c3-46fb-a414-abc197f34877\"]', 1)
=====> result: [{"id":1,"select_type":"SIMPLE","table":null,"type":null,"possible_keys":null,"key":null,"key_len":null,"ref":null,"rows":null,"Extra":"No tables used"}]
2018-12-12 01:06:40,778 INFO 3664 [egg-knex] { method: 'select',
  options: {},
  timeout: false,
  cancelOnTimeout: false,
  bindings: [],
  __knexQueryUid: '69a632fa-b9b3-40e0-b170-6a9efd0c726f',
  sql: 'select * from `post`' }
2018-12-12 01:06:40,878 INFO 3664 [egg-knex] explains of select * from `post`
=====> result: [{"id":1,"select_type":"SIMPLE","table":"post","type":"ALL","possible_keys":null,"key":null,"key_len":null,"ref":null,"rows":3,"Extra":null}]
2018-12-12 01:06:40,884 INFO 3664 [egg-knex] { method: 'select',
  options: {},
  timeout: false,
  cancelOnTimeout: false,
  bindings: [],
  __knexQueryUid: '9e26adbe-be38-43bd-8b9b-202b8cd364f6',
  sql: 'select * from `user`' }
2018-12-12 01:06:40,963 INFO 3664 [egg-knex] explains of select * from `user`
=====> result: [{"id":1,"select_type":"SIMPLE","table":"user","type":"ALL","possible_keys":null,"key":null,"key_len":null,"ref":null,"rows":2,"Extra":null}]
2018-12-12 01:06:46,466 INFO 3664 [egg-knex] { method: 'select',
  options: {},
  timeout: false,
  cancelOnTimeout: false,
  bindings: [],
  __knexQueryUid: '4bfd848b-f474-4d62-b7f4-0e89507ddefa',
  sql: 'select * from `post`' }
2018-12-12 01:06:46,505 INFO 3664 [egg-knex] { method: 'select',
  options: {},
  timeout: false,
  cancelOnTimeout: false,
  bindings: [],
  __knexQueryUid: '4f8f2b70-3023-4b17-8b97-a05355128b88',
  sql: 'select * from `user`' }
2018-12-12 01:06:46,540 INFO 3664 [egg-knex] explains of select * from `post`
=====> result: [{"id":1,"select_type":"SIMPLE","table":"post","type":"ALL","possible_keys":null,"key":null,"key_len":null,"ref":null,"rows":3,"Extra":null}]
2018-12-12 01:06:46,579 INFO 3664 [egg-knex] explains of select * from `user`
=====> result: [{"id":1,"select_type":"SIMPLE","table":"user","type":"ALL","possible_keys":null,"key":null,"key_len":null,"ref":null,"rows":2,"Extra":null}]
2018-12-12 01:09:08,589 INFO 3664 [egg-knex] { method: 'select',
  options: {},
  timeout: false,
  cancelOnTimeout: false,
  bindings: [],
  __knexQueryUid: 'a113f879-f6c6-457f-bb48-4dd6a83d813e',
  sql: 'select * from `post`' }
2018-12-12 01:09:08,670 INFO 3664 [egg-knex] explains of select * from `post`
=====> result: [{"id":1,"select_type":"SIMPLE","table":"post","type":"ALL","possible_keys":null,"key":null,"key_len":null,"ref":null,"rows":2,"Extra":null}]
2018-12-12 01:09:08,671 INFO 3664 [egg-knex] { method: 'select',
  options: {},
  timeout: false,
  cancelOnTimeout: false,
  bindings: [],
  __knexQueryUid: '0284de7e-cbac-456b-8de5-5778be84265b',
  sql: 'select * from `user`' }
2018-12-12 01:09:08,739 INFO 3664 [egg-knex] explains of select * from `user`
=====> result: [{"id":1,"select_type":"SIMPLE","table":"user","type":"ALL","possible_keys":null,"key":null,"key_len":null,"ref":null,"rows":2,"Extra":null}]
2018-12-12 01:09:25,271 INFO 3664 [egg-knex] { method: 'select',
  options: {},
  timeout: false,
  cancelOnTimeout: false,
  bindings: [],
  __knexQueryUid: '323114f6-8191-4ea2-862d-90fb62dbd7e4',
  sql: 'select * from `post`' }
2018-12-12 01:09:25,319 INFO 3664 [egg-knex] { method: 'select',
  options: {},
  timeout: false,
  cancelOnTimeout: false,
  bindings: [],
  __knexQueryUid: '366ce3c0-3a03-40ba-ab4c-66880fba7937',
  sql: 'select * from `user`' }
2018-12-12 01:09:25,349 INFO 3664 [egg-knex] explains of select * from `post`
=====> result: [{"id":1,"select_type":"SIMPLE","table":"post","type":"ALL","possible_keys":null,"key":null,"key_len":null,"ref":null,"rows":2,"Extra":null}]
2018-12-12 01:09:25,393 INFO 3664 [egg-knex] explains of select * from `user`
=====> result: [{"id":1,"select_type":"SIMPLE","table":"user","type":"ALL","possible_keys":null,"key":null,"key_len":null,"ref":null,"rows":2,"Extra":null}]
2018-12-12 01:09:40,418 INFO 3664 [egg-knex] { method: 'insert',
  options: {},
  timeout: false,
  cancelOnTimeout: false,
  bindings: 
   [ '霍建华开奖号',
     1544548180416,
     '["http://pjgs5tghw.bkt.clouddn.com/192.168.1.103:8080/ad7c8321-8b33-4157-b40f-a5b8b2021ea1"]',
     1 ],
  __knexQueryUid: '03c9fc4a-d71c-468e-8d4a-5ef6f7dc9158',
  sql: 'insert into `post` (`content`, `create_time`, `images`, `publish_id`) values (?, ?, ?, ?)' }
2018-12-12 01:09:40,509 INFO 3664 [egg-knex] explains of insert into `post` (`content`, `create_time`, `images`, `publish_id`) values ('霍建华开奖号', 1544548180416, '[\"http://pjgs5tghw.bkt.clouddn.com/192.168.1.103:8080/ad7c8321-8b33-4157-b40f-a5b8b2021ea1\"]', 1)
=====> result: [{"id":1,"select_type":"SIMPLE","table":null,"type":null,"possible_keys":null,"key":null,"key_len":null,"ref":null,"rows":null,"Extra":"No tables used"}]
2018-12-12 01:09:55,549 INFO 3664 [egg-knex] { method: 'select',
  options: {},
  timeout: false,
  cancelOnTimeout: false,
  bindings: [],
  __knexQueryUid: 'b440fd0c-8981-4802-baa4-b98b002f6281',
  sql: 'select * from `post`' }
2018-12-12 01:09:55,594 INFO 3664 [egg-knex] { method: 'select',
  options: {},
  timeout: false,
  cancelOnTimeout: false,
  bindings: [],
  __knexQueryUid: 'ea5faca4-10f2-454e-a1c3-1c3e25b11005',
  sql: 'select * from `user`' }
2018-12-12 01:09:55,626 INFO 3664 [egg-knex] explains of select * from `post`
=====> result: [{"id":1,"select_type":"SIMPLE","table":"post","type":"ALL","possible_keys":null,"key":null,"key_len":null,"ref":null,"rows":3,"Extra":null}]
2018-12-12 01:09:55,677 INFO 3664 [egg-knex] explains of select * from `user`
=====> result: [{"id":1,"select_type":"SIMPLE","table":"user","type":"ALL","possible_keys":null,"key":null,"key_len":null,"ref":null,"rows":2,"Extra":null}]
2018-12-12 01:10:14,690 INFO 3664 [egg-knex] { method: 'insert',
  options: {},
  timeout: false,
  cancelOnTimeout: false,
  bindings: 
   [ '你好中国',
     1544548214689,
     '["http://pjgs5tghw.bkt.clouddn.com/192.168.1.103:8080/7ed6027a-a0ea-4f54-b780-800ffd3023d4","http://pjgs5tghw.bkt.clouddn.com/192.168.1.103:8080/6691a8f4-b65e-4aa2-b6ef-2b8264d33293","http://pjgs5tghw.bkt.clouddn.com/192.168.1.103:8080/bd8fc823-e150-4ab2-843b-01aaa4a10861"]',
     1 ],
  __knexQueryUid: 'b9523326-99c5-4d4a-acc9-887205e0b8df',
  sql: 'insert into `post` (`content`, `create_time`, `images`, `publish_id`) values (?, ?, ?, ?)' }
2018-12-12 01:10:14,777 INFO 3664 [egg-knex] explains of insert into `post` (`content`, `create_time`, `images`, `publish_id`) values ('你好中国', 1544548214689, '[\"http://pjgs5tghw.bkt.clouddn.com/192.168.1.103:8080/7ed6027a-a0ea-4f54-b780-800ffd3023d4\",\"http://pjgs5tghw.bkt.clouddn.com/192.168.1.103:8080/6691a8f4-b65e-4aa2-b6ef-2b8264d33293\",\"http://pjgs5tghw.bkt.clouddn.com/192.168.1.103:8080/bd8fc823-e150-4ab2-843b-01aaa4a10861\"]', 1)
=====> result: [{"id":1,"select_type":"SIMPLE","table":null,"type":null,"possible_keys":null,"key":null,"key_len":null,"ref":null,"rows":null,"Extra":"No tables used"}]
2018-12-12 01:10:22,004 INFO 3664 [egg-knex] { method: 'select',
  options: {},
  timeout: false,
  cancelOnTimeout: false,
  bindings: [],
  __knexQueryUid: 'c54b552b-ab0d-4da7-ab35-55837aa36bd2',
  sql: 'select * from `post`' }
2018-12-12 01:10:22,041 INFO 3664 [egg-knex] { method: 'select',
  options: {},
  timeout: false,
  cancelOnTimeout: false,
  bindings: [],
  __knexQueryUid: 'b5860742-bdbe-4a54-aef3-f40c925de815',
  sql: 'select * from `user`' }
2018-12-12 01:10:22,076 INFO 3664 [egg-knex] explains of select * from `post`
=====> result: [{"id":1,"select_type":"SIMPLE","table":"post","type":"ALL","possible_keys":null,"key":null,"key_len":null,"ref":null,"rows":4,"Extra":null}]
2018-12-12 01:10:22,113 INFO 3664 [egg-knex] explains of select * from `user`
=====> result: [{"id":1,"select_type":"SIMPLE","table":"user","type":"ALL","possible_keys":null,"key":null,"key_len":null,"ref":null,"rows":2,"Extra":null}]
2018-12-12 01:14:45,252 INFO 3664 [egg-knex] { method: 'select',
  options: {},
  timeout: false,
  cancelOnTimeout: false,
  bindings: [],
  __knexQueryUid: 'af9efe5a-7bea-4e48-b0d6-9991e1fd215b',
  sql: 'select * from `post`' }
2018-12-12 01:14:45,326 INFO 3664 [egg-knex] explains of select * from `post`
=====> result: [{"id":1,"select_type":"SIMPLE","table":"post","type":"ALL","possible_keys":null,"key":null,"key_len":null,"ref":null,"rows":4,"Extra":null}]
2018-12-12 01:14:45,327 INFO 3664 [egg-knex] { method: 'select',
  options: {},
  timeout: false,
  cancelOnTimeout: false,
  bindings: [],
  __knexQueryUid: 'd6eb151f-8faa-48e4-b1cf-427e4a48648f',
  sql: 'select * from `user`' }
2018-12-12 01:14:45,394 INFO 3664 [egg-knex] explains of select * from `user`
=====> result: [{"id":1,"select_type":"SIMPLE","table":"user","type":"ALL","possible_keys":null,"key":null,"key_len":null,"ref":null,"rows":2,"Extra":null}]
2018-12-12 01:20:22,970 INFO 3664 [egg-knex] { method: 'insert',
  options: {},
  timeout: false,
  cancelOnTimeout: false,
  bindings: 
   [ '嘿嘿嘿',
     1544548822860,
     '["http://pjgs5tghw.bkt.clouddn.com/192.168.1.103:8080/35476802-4f01-4db5-9fcc-78d9b464afbb"]',
     1 ],
  __knexQueryUid: '556bc601-9e3d-4b80-afd4-2cfb3200e052',
  sql: 'insert into `post` (`content`, `create_time`, `images`, `publish_id`) values (?, ?, ?, ?)' }
2018-12-12 01:20:23,055 INFO 3664 [egg-knex] explains of insert into `post` (`content`, `create_time`, `images`, `publish_id`) values ('嘿嘿嘿', 1544548822860, '[\"http://pjgs5tghw.bkt.clouddn.com/192.168.1.103:8080/35476802-4f01-4db5-9fcc-78d9b464afbb\"]', 1)
=====> result: [{"id":1,"select_type":"SIMPLE","table":null,"type":null,"possible_keys":null,"key":null,"key_len":null,"ref":null,"rows":null,"Extra":"No tables used"}]
2018-12-12 01:20:30,267 INFO 3664 [egg-knex] { method: 'select',
  options: {},
  timeout: false,
  cancelOnTimeout: false,
  bindings: [],
  __knexQueryUid: '0b41152f-e1cc-4a5f-9efc-5f4d789c2df8',
  sql: 'select * from `post`' }
2018-12-12 01:20:30,314 INFO 3664 [egg-knex] { method: 'select',
  options: {},
  timeout: false,
  cancelOnTimeout: false,
  bindings: [],
  __knexQueryUid: '31242196-d167-4d4b-862b-6631277ca2e0',
  sql: 'select * from `user`' }
2018-12-12 01:20:30,353 INFO 3664 [egg-knex] explains of select * from `post`
=====> result: [{"id":1,"select_type":"SIMPLE","table":"post","type":"ALL","possible_keys":null,"key":null,"key_len":null,"ref":null,"rows":4,"Extra":null}]
2018-12-12 01:20:30,394 INFO 3664 [egg-knex] explains of select * from `user`
=====> result: [{"id":1,"select_type":"SIMPLE","table":"user","type":"ALL","possible_keys":null,"key":null,"key_len":null,"ref":null,"rows":2,"Extra":null}]
2018-12-12 01:20:45,452 INFO 3664 [egg-knex] { method: 'insert',
  options: {},
  timeout: false,
  cancelOnTimeout: false,
  bindings: 
   [ '啦啦啦',
     1544548845452,
     '["http://pjgs5tghw.bkt.clouddn.com/192.168.1.103:8080/35643d9f-6612-485d-b855-4575b1c76b29"]',
     1 ],
  __knexQueryUid: '19b43fbe-faac-4b44-97dd-1d176e9507cd',
  sql: 'insert into `post` (`content`, `create_time`, `images`, `publish_id`) values (?, ?, ?, ?)' }
2018-12-12 01:20:45,553 INFO 3664 [egg-knex] explains of insert into `post` (`content`, `create_time`, `images`, `publish_id`) values ('啦啦啦', 1544548845452, '[\"http://pjgs5tghw.bkt.clouddn.com/192.168.1.103:8080/35643d9f-6612-485d-b855-4575b1c76b29\"]', 1)
=====> result: [{"id":1,"select_type":"SIMPLE","table":null,"type":null,"possible_keys":null,"key":null,"key_len":null,"ref":null,"rows":null,"Extra":"No tables used"}]
2018-12-12 01:22:20,339 INFO 3664 [egg-knex] { method: 'insert',
  options: {},
  timeout: false,
  cancelOnTimeout: false,
  bindings: 
   [ 'sda ',
     1544548940228,
     '["http://pjgs5tghw.bkt.clouddn.com/192.168.1.103:8080/c6e76eef-b889-48fa-a4e9-125fd5dae560"]',
     1 ],
  __knexQueryUid: 'ca3f2efd-f325-4699-aaa9-381786016dda',
  sql: 'insert into `post` (`content`, `create_time`, `images`, `publish_id`) values (?, ?, ?, ?)' }
2018-12-12 01:22:20,426 INFO 3664 [egg-knex] explains of insert into `post` (`content`, `create_time`, `images`, `publish_id`) values ('sda ', 1544548940228, '[\"http://pjgs5tghw.bkt.clouddn.com/192.168.1.103:8080/c6e76eef-b889-48fa-a4e9-125fd5dae560\"]', 1)
=====> result: [{"id":1,"select_type":"SIMPLE","table":null,"type":null,"possible_keys":null,"key":null,"key_len":null,"ref":null,"rows":null,"Extra":"No tables used"}]
2018-12-12 01:22:57,948 INFO 3664 [egg-knex] { method: 'insert',
  options: {},
  timeout: false,
  cancelOnTimeout: false,
  bindings: 
   [ 'sadasd',
     1544548977841,
     '["http://pjgs5tghw.bkt.clouddn.com/192.168.1.103:8080/5ac40b27-4fe2-40c7-b825-bbb84aec1d9e"]',
     1 ],
  __knexQueryUid: 'e042464b-a8a6-4fb6-8546-8531d9e047a6',
  sql: 'insert into `post` (`content`, `create_time`, `images`, `publish_id`) values (?, ?, ?, ?)' }
2018-12-12 01:22:58,014 INFO 3664 [egg-knex] explains of insert into `post` (`content`, `create_time`, `images`, `publish_id`) values ('sadasd', 1544548977841, '[\"http://pjgs5tghw.bkt.clouddn.com/192.168.1.103:8080/5ac40b27-4fe2-40c7-b825-bbb84aec1d9e\"]', 1)
=====> result: [{"id":1,"select_type":"SIMPLE","table":null,"type":null,"possible_keys":null,"key":null,"key_len":null,"ref":null,"rows":null,"Extra":"No tables used"}]
2018-12-12 01:23:06,641 INFO 3664 [egg-knex] { method: 'select',
  options: {},
  timeout: false,
  cancelOnTimeout: false,
  bindings: [],
  __knexQueryUid: 'd7b33bb6-400b-4e21-8657-4d2f6a2e0fde',
  sql: 'select * from `post`' }
2018-12-12 01:23:06,682 INFO 3664 [egg-knex] { method: 'select',
  options: {},
  timeout: false,
  cancelOnTimeout: false,
  bindings: [],
  __knexQueryUid: 'f4f4c718-ac4e-4a9c-ac02-52488b1e4ccb',
  sql: 'select * from `user`' }
2018-12-12 01:23:06,718 INFO 3664 [egg-knex] explains of select * from `post`
=====> result: [{"id":1,"select_type":"SIMPLE","table":"post","type":"ALL","possible_keys":null,"key":null,"key_len":null,"ref":null,"rows":7,"Extra":null}]
2018-12-12 01:23:06,754 INFO 3664 [egg-knex] explains of select * from `user`
=====> result: [{"id":1,"select_type":"SIMPLE","table":"user","type":"ALL","possible_keys":null,"key":null,"key_len":null,"ref":null,"rows":2,"Extra":null}]
2018-12-12 01:28:28,307 INFO 3664 [egg-knex] { method: 'insert',
  options: {},
  timeout: false,
  cancelOnTimeout: false,
  bindings: 
   [ '来来来',
     1544549308208,
     '["http://pjgs5tghw.bkt.clouddn.com/192.168.1.103:8080/ebca3160-6dd6-49ca-b9c5-7a8ae54d8221"]',
     1 ],
  __knexQueryUid: '4fd0e2d5-383a-471e-8316-b023b4239fe2',
  sql: 'insert into `post` (`content`, `create_time`, `images`, `publish_id`) values (?, ?, ?, ?)' }
2018-12-12 01:28:28,389 INFO 3664 [egg-knex] explains of insert into `post` (`content`, `create_time`, `images`, `publish_id`) values ('来来来', 1544549308208, '[\"http://pjgs5tghw.bkt.clouddn.com/192.168.1.103:8080/ebca3160-6dd6-49ca-b9c5-7a8ae54d8221\"]', 1)
=====> result: [{"id":1,"select_type":"SIMPLE","table":null,"type":null,"possible_keys":null,"key":null,"key_len":null,"ref":null,"rows":null,"Extra":"No tables used"}]
2018-12-12 01:30:25,674 INFO 3664 [egg-knex] { method: 'insert',
  options: {},
  timeout: false,
  cancelOnTimeout: false,
  bindings: 
   [ 'ASA是',
     1544549425566,
     '["http://pjgs5tghw.bkt.clouddn.com/192.168.1.103:8080/a184da3b-f497-43a6-b9c4-d946ea7714d2"]',
     1 ],
  __knexQueryUid: 'e70da352-a0d8-4a41-884e-55d76ce08c55',
  sql: 'insert into `post` (`content`, `create_time`, `images`, `publish_id`) values (?, ?, ?, ?)' }
2018-12-12 01:30:25,756 INFO 3664 [egg-knex] explains of insert into `post` (`content`, `create_time`, `images`, `publish_id`) values ('ASA是', 1544549425566, '[\"http://pjgs5tghw.bkt.clouddn.com/192.168.1.103:8080/a184da3b-f497-43a6-b9c4-d946ea7714d2\"]', 1)
=====> result: [{"id":1,"select_type":"SIMPLE","table":null,"type":null,"possible_keys":null,"key":null,"key_len":null,"ref":null,"rows":null,"Extra":"No tables used"}]
2018-12-12 01:32:13,887 INFO 3664 [egg-knex] { method: 'insert',
  options: {},
  timeout: false,
  cancelOnTimeout: false,
  bindings: 
   [ '12313',
     1544549533781,
     '["http://pjgs5tghw.bkt.clouddn.com/192.168.1.103:8080/02af078e-4116-4a84-bbdb-d9b2bd26df34"]',
     1 ],
  __knexQueryUid: 'fcf0632d-ff1b-4e12-9b62-a4b40927c491',
  sql: 'insert into `post` (`content`, `create_time`, `images`, `publish_id`) values (?, ?, ?, ?)' }
2018-12-12 01:32:13,976 INFO 3664 [egg-knex] explains of insert into `post` (`content`, `create_time`, `images`, `publish_id`) values ('12313', 1544549533781, '[\"http://pjgs5tghw.bkt.clouddn.com/192.168.1.103:8080/02af078e-4116-4a84-bbdb-d9b2bd26df34\"]', 1)
=====> result: [{"id":1,"select_type":"SIMPLE","table":null,"type":null,"possible_keys":null,"key":null,"key_len":null,"ref":null,"rows":null,"Extra":"No tables used"}]
2018-12-12 01:32:13,986 INFO 3664 [egg-knex] { method: 'select',
  options: {},
  timeout: false,
  cancelOnTimeout: false,
  bindings: [],
  __knexQueryUid: '368f28ed-dd9b-4bd8-b5a4-67c0bd10028f',
  sql: 'select * from `post`' }
2018-12-12 01:32:14,050 INFO 3664 [egg-knex] { method: 'select',
  options: {},
  timeout: false,
  cancelOnTimeout: false,
  bindings: [],
  __knexQueryUid: '4eb26d63-f5ed-4a3c-9e6e-404266cf9563',
  sql: 'select * from `user`' }
2018-12-12 01:32:14,080 INFO 3664 [egg-knex] explains of select * from `post`
=====> result: [{"id":1,"select_type":"SIMPLE","table":"post","type":"ALL","possible_keys":null,"key":null,"key_len":null,"ref":null,"rows":10,"Extra":null}]
2018-12-12 01:32:14,157 INFO 3664 [egg-knex] explains of select * from `user`
=====> result: [{"id":1,"select_type":"SIMPLE","table":"user","type":"ALL","possible_keys":null,"key":null,"key_len":null,"ref":null,"rows":2,"Extra":null}]
